Start testing: Sep 26 10:31 +03
----------------------------------------------------------
1/1 Testing: NATSGTest.TestPublishSubscribe
1/1 Test: NATSGTest.TestPublishSubscribe
Command: "/home/crox/Desktop/NATS_Compact_GTest/build/NATS_Compact_GTest" "--gtest_filter=NATSGTest.TestPublishSubscribe" "--gtest_also_run_disabled_tests"
Directory: /home/crox/Desktop/NATS_Compact_GTest/build
"NATSGTest.TestPublishSubscribe" start time: Sep 26 10:31 +03
Output:
----------------------------------------------------------
Note: Google Test filter = NATSGTest.TestPublishSubscribe
[==========] Running 1 test from 1 test suite.
[----------] Global test environment set-up.
[----------] 1 test from NATSGTest
[ RUN      ] NATSGTest.TestPublishSubscribe
Connection established s0.
Connection established s1.
Connection established s2.
s0 subscribed.
Received message count is:0 for thread number0 in:1microseconds
Received message count is:0 for thread number0 in:6microseconds
Received message count is:0 for thread number0 in:7microseconds
Received message count is:0 for thread number0 in:9microseconds
Received message count is:0 for thread number0 in:10microseconds
Received message count is:0 for thread number0 in:11microseconds
Received message count is:0 for thread number0 in:12microseconds
Received message count is:0 for thread number0 in:14microseconds
Received message count is:0 for thread number0 in:16microseconds
Received message count is:0 for thread number0 in:18microseconds
Received message count is:0 for thread number0 in:18microseconds
Received message count is:0 for thread number0 in:19microseconds
Received message count is:0 for thread number0 in:20microseconds
Received message count is:0 for thread number0 in:21microseconds
Received message count is:0 for thread number0 in:21microseconds
Received message count is:0 for thread number0 in:21microseconds
Received message count is:0 for thread number0 in:22microseconds
Received message count is:0 for thread number0 in:22microseconds
Received message count is:0 for thread number0 in:23microseconds
Received message count is:0 for thread number0 in:23microseconds
Received message count is:0 for thread number0 in:24microseconds
Received message count is:0 for thread number0 in:24microseconds
Received message count is:0 for thread number0 in:25microseconds
Received message count is:0 for thread number0 in:25microseconds
Received message count is:0 for thread number0 in:26microseconds
Received message count is:0 for thread number0 in:26microseconds
Received message count is:0 for thread number0 in:27microseconds
Received message count is:0 for thread number0 in:27microseconds
Received message count is:0 for thread number0 in:28microseconds
Received message count is:0 for thread number0 in:28microseconds
Received message count is:0 for thread number0 in:29microseconds
Received message count is:0 for thread number0 in:29microseconds
Received message count is:0 for thread number0 in:30microseconds
Received message count is:0 for thread number0 in:30microseconds
Received message count is:0 for thread number0 in:31microseconds
Received message count is:0 for thread number0 in:31microseconds
Received message count is:0 for thread number0 in:32microseconds
Received message count is:0 for thread number0 in:32microseconds
Received message count is:0 for thread number0 in:33microseconds
Received message count is:0 for thread number0 in:33microseconds
Received message count is:0 for thread number0 in:34microseconds
Received message count is:0 for thread number0 in:34microseconds
Received message count is:0 for thread number0 in:34microseconds
Received message count is:0 for thread number0 in:35microseconds
Received message count is:0 for thread number0 in:35microseconds
Received message count is:0 for thread number0 in:36microseconds
Received message count is:0 for thread number0 in:36microseconds
Received message count is:0 for thread number0 in:37microseconds
Received message count is:0 for thread number0 in:37microseconds
Received message count is:0 for thread number0 in:38microseconds
Received message count is:0 for thread number0 in:38microseconds
Received message count is:0 for thread number0 in:39microseconds
Received message count is:0 for thread number0 in:39microseconds
Received message count is:0 for thread number0 in:40microseconds
Received message count is:0 for thread number0 in:40microseconds
Received message count is:0 for thread number0 in:41microseconds
Received message count is:0 for thread number0 in:41microseconds
Received message count is:0 for thread number0 in:42microseconds
Received message count is:0 for thread number0 in:42microseconds
Received message count is:0 for thread number0 in:43microseconds
Received message count is:0 for thread number0 in:43microseconds
Received message count is:0 for thread number0 in:44microseconds
Received message count is:0 for thread number0 in:52microseconds
Received message count is:0 for thread number0 in:53microseconds
Received message count is:0 for thread number0 in:55microseconds
Received message count is:0 for thread number0 in:57microseconds
Received message count is:0 for thread number0 in:57microseconds
Received message count is:0 for thread number0 in:58microseconds
Received message count is:0 for thread number0 in:58microseconds
Received message count is:0 for thread number0 in:59microseconds
Received message count is:0 for thread number0 in:60microseconds
Received message count is:0 for thread number0 in:60microseconds
Received message count is:0 for thread number0 in:61microseconds
Received message count is:0 for thread number0 in:63microseconds
Received message count is:0 for thread number0 in:64microseconds
Received message count is:0 for thread number0 in:65microseconds
Received message count is:0 for thread number0 in:65microseconds
Received message count is:0 for thread number0 in:66microseconds
Received message count is:0 for thread number0 in:67microseconds
Received message count is:0 for thread number0 in:68microseconds
Received message count is:0 for thread number0 in:70microseconds
Received message count is:0 for thread number0 in:71microseconds
Received message count is:0 for thread number0 in:71microseconds
Received message count is:0 for thread number0 in:72microseconds
Received message count is:0 for thread number0 in:74microseconds
Received message count is:0 for thread number0 in:75microseconds
Received message count is:0 for thread numbers1 subscribed.
0 in:77microseconds
Received message count is:Received message count is:0 for thread number01 for thread number in:1microseconds
0 in:Received message count is:810 for thread number1 in:7microseconds
microseconds
Received message count is:0 for thread number0 in:89microseconds
Received message count is:0 for thread number0 in:89microseconds
Received message count is:0 for thread numberReceived message count is:0 in:90microseconds
Received message count is:0 for thread number0 in:930 for thread numbermicroseconds
1 in:Received message count is:110microseconds
 for thread numberReceived message count is:0 for thread number1 in:180microseconds
 in:96microseconds
Received message count is:0Received message count is: for thread number0 for thread number0 in:101microseconds
Received message count is:10 for thread number0 in:103microseconds
Received message count is: in:22microseconds
0Received message count is:0 for thread number1 in: for thread number29microseconds
0Received message count is:0 for thread number1 in: in:32105microseconds
microseconds
Received message count is:0 for thread number1 in:34microseconds
Received message count is:0 for thread number0 in:Received message count is:114microseconds
Received message count is:0 for thread number0 for thread number10 in:35microseconds
Received message count is:0 for thread number in:1 in:40microseconds
Received message count is:1170 for thread numbermicroseconds
1 in:43microseconds
Received message count is:0 for thread numberReceived message count is:10 in:46s2 subscribed.
 for thread number0 in:126microseconds
Received message count is:0microseconds
 for thread numberReceived message count is:Received message count is:000 in:129microseconds
Received message count is:0 for thread number0 in: for thread number1332 in:1microseconds
 for thread numberReceived message count is:0 for thread number2 in:6microseconds
Received message count is:0microseconds
1 in:52microseconds
 for thread numberReceived message count is:0Received message count is: for thread number2 in:7microseconds
Received message count is:01 in:60 for thread number2 in:11microseconds
Received message count is:microseconds
00 for thread number2 in:13microseconds
 for thread numberReceived message count is:0Received message count is: in:0139microseconds
Received message count is:0 for thread number0 for thread number2 in:16microseconds
Received message count is: for thread number01 in:67microseconds
Received message count is:0 for thread number1 in:79microseconds
Received message count is:0 for thread number1 in:80microseconds
Received message count is:0 for thread number1 in:82microseconds
Received message count is:00 for thread number for thread number12 in:21microseconds
Received message count is: in:830 in: for thread number2 in:37microseconds
microseconds
Received message count is:0150 for thread numberReceived message count is:0 for thread number1 in:microseconds
932 in:microseconds
41microseconds
Received message count is:0Received message count is:Received message count is:0 for thread number1 in:96 for thread numbermicroseconds
0 for thread number0 in:Received message count is:174microseconds
2Received message count is:0 for thread number1 in:97 in:microseconds
440Received message count is:0 for thread number1 in:101microseconds
microseconds
 for thread number0Received message count is: in:0Received message count is:0 for thread number2 in:177 for thread number1microseconds
 in:53103microseconds
Received message count is:Received message count is:microseconds
Received message count is:0 for thread number200 for thread number0 for thread number in: in:18758microseconds
Received message count is:0 for thread number12 in:microseconds
63microseconds
Received message count is: in:0108microseconds
Received message count is:0 for thread numberReceived message count is: for thread number2 in:64microseconds
Received message count is:000 in: for thread number195microseconds
 for thread numberReceived message count is:102 in:66microseconds
Received message count is: for thread number0 in:199microseconds
 in:0 for thread number2 in:70microseconds
Received message count is:1160 for thread number2 in:73microseconds
Received message count is:0Received message count is: for thread numbermicroseconds
0 for thread number20 in:Received message count is:0 for thread number1 in:201microseconds
 in:Received message count is:0 for thread number0 in:208microseconds
12774Received message count is:microseconds
Received message count is:microseconds
0 for thread number0 in:2100microseconds
Received message count is:0 for thread number2 in:83 for thread numbermicroseconds
Received message count is:10 in:Received message count is:1320 for thread number for thread numbermicroseconds
Received message count is:00 in:215microseconds
Received message count is:0 for thread number2 for thread number0 in:220microseconds
1 in: in:Received message count is:1390 for thread numbermicroseconds
086Received message count is:0 for thread number in:1222 in:microseconds
148microseconds
Received message count is:microseconds
0Received message count is: for thread number0Received message count is: for thread number2 in:100microseconds
Received message count is:000 for thread number for thread number in:230microseconds
12 in: in:151Received message count is:microseconds
103Received message count is:0 for thread number1microseconds
Received message count is:0 for thread number2 in: in:0110 for thread number0 in:microseconds
Received message count is:0 for thread number2160 in:microseconds
236114microseconds
Received message count is:0 for thread numberReceived message count is:microseconds
Received message count is:0 for thread number0 in:20248 in:117microseconds
 for thread numbermicroseconds
Received message count is:0 for thread number0 in:1Received message count is:252microseconds
Received message count is: in:0 for thread number2 in:121microseconds
167Received message count is:0 for thread number2 in:126microseconds
microseconds
Received message count is:0 for thread number2 in:127microseconds
0Received message count is:Received message count is: for thread number00 for thread number01 in: for thread number2 in:128microseconds
 in:180Received message count is:2550 for thread number2 in:134microseconds
microseconds
Received message count is:microseconds
Received message count is:0 for thread number0 in:266microseconds
Received message count is:Received message count is:0 for thread number0 in:267microseconds
0Received message count is:0 for thread number0 in:268microseconds
Received message count is:0 for thread number0 in:275microseconds
Received message count is:0 for thread number0 in:276microseconds
Received message count is:00 for thread number for thread number1 in:188microseconds
0 in:276microseconds
Received message count is:0Received message count is: for thread number01 in:201microseconds
Received message count is:0 for thread number for thread number1 in:203microseconds
 for thread number0Received message count is: in:280microseconds
2Received message count is:0 in:0 for thread number0136microseconds
 for thread number in:1 in:205microseconds
Received message count is:Received message count is:02870 for thread number2 in: for thread number161microseconds
1 in:microseconds
213microseconds
Received message count is:0 for thread numberReceived message count is:Received message count is:0 for thread number2 in:1671microseconds
0 for thread numberReceived message count is:0 in: in:2950 for thread number2 in:217168microseconds
Received message count is:microseconds
Received message count is:0 for thread number2 in:microseconds
0 for thread number172Received message count is:1microseconds
 in:0223microseconds
 for thread number0 in:304microseconds
Received message count is:0 for thread number1 in:Received message count is:230microseconds
Received message count is:0 for thread numberReceived message count is:00 for thread number01 in:232microseconds
 in:Received message count is:311microseconds
0Received message count is:0 for thread number0 in:316microseconds
 for thread numberReceived message count is:0 for thread number0 in:317microseconds
Received message count is: for thread number0 for thread number0 in:318microseconds
Received message count is:102 in:176microseconds
Received message count is: in:2350microseconds
 for thread numberReceived message count is:0 for thread number1 in:244microseconds
2Received message count is:0 for thread number1 in:246 in: for thread numbermicroseconds
190microseconds
0Received message count is:Received message count is:0 for thread number1 in: in:2500319microseconds
 for thread number2 in:198microseconds
microseconds
Received message count is:0 for thread numberReceived message count is:0 for thread numberReceived message count is:120 for thread number in:202microseconds
Received message count is:0 for thread number in:0 in:333microseconds
Received message count is:02 for thread number0 in:338microseconds
Received message count is:254 in:206microseconds
Received message count is:0 for thread numbermicroseconds
0Received message count is:0 for thread number1 in:2632microseconds
 for thread numberReceived message count is:0 for thread number10 in:340microseconds
Received message count is: in:0 for thread number0 in:345microseconds
Received message count is:0264 in:microseconds
211microseconds
 for thread numberReceived message count is:Received message count is:0 for thread number1 in:0270 in:0microseconds
 for thread number346Received message count is:microseconds
Received message count is:02 for thread number0 in: for thread number0220microseconds
Received message count is:0 for thread number2 in:1228 in: in:274microseconds
microseconds
354microseconds
Received message count is:Received message count is:0 for thread number0 in:3610 for thread number1 in:281microseconds
Received message count is:microseconds
Received message count is:Received message count is:0 for thread number0 in:0364 for thread number0microseconds
2 in:232microseconds
 for thread number1Received message count is:0 for thread number0 in:368microseconds
 in:Received message count is:284microseconds
Received message count is:0 for thread numberReceived message count is:10 in:0 for thread number2910 in: for thread number2 in:237microseconds
microseconds
Received message count is:Received message count is:0369 for thread number01 in:microseconds
Received message count is: for thread number29502 in:243microseconds
microseconds
 for thread number0Received message count is: in:376microseconds
Received message count is:0 for thread numberReceived message count is:0 in:381microseconds
Received message count is:0 for thread number0 in:387microseconds
Received message count is:0 for thread number0 in:388microseconds
Received message count is:0 for thread number0 in:389microseconds
Received message count is:0 for thread number0 in:390microseconds
Received message count is:0 for thread number00 in: for thread number3912microseconds
Received message count is:0 for thread number0 in:394microseconds
 in:Received message count is:00251 for thread number for thread numbermicroseconds
1 in:300microseconds
0Received message count is:0 for thread numberReceived message count is: in:395microseconds
Received message count is:10 for thread number2 in:271microseconds
 in:0Received message count is:3210 for thread number2 in:274microseconds
 for thread numberReceived message count is:microseconds
00Received message count is:0 in: for thread number for thread number402microseconds
Received message count is:01 for thread number in:0 in:410microseconds
Received message count is:0 for thread number20 in:412microseconds
Received message count is:0 for thread number3280microseconds
 in: in:413microseconds
Received message count is:0 for thread number0275microseconds
Received message count is:0Received message count is: for thread number in:02 for thread number415microseconds
Received message count is:0 in: for thread number0 in:419microseconds
287microseconds
Received message count is:0 for thread number12Received message count is:0 for thread number0 in: in:424336microseconds
 in:microseconds
Received message count is:0 for thread numberReceived message count is:0293microseconds
Received message count is:0 for thread number02 in: in:426298microseconds
Received message count is: for thread number0 for thread number2 in:1 in:347microseconds
microseconds
Received message count is:299Received message count is:0microseconds
Received message count is:0 for thread number02 for thread number0 in:433microseconds
 for thread number1 in:352Received message count is: in:0303microseconds
Received message count is:0 for thread numbermicroseconds
2Received message count is: for thread number0 in:0 in: for thread number435309microseconds
1 in:361microseconds
microseconds
Received message count is:Received message count is:0 for thread number0 in:444microseconds
Received message count is:00 for thread numberReceived message count is:1 in:0 for thread number2365 for thread number in:microseconds
315microseconds
Received message count is:0 for thread number2 in:0Received message count is: in:3210445microseconds
Received message count is:0 for thread number for thread number2microseconds
 in:Received message count is:0 for thread number0 in:456microseconds
1Received message count is:3250 in:373microseconds
microseconds
 for thread numberReceived message count is:0 in:0457Received message count is:microseconds
 for thread numberReceived message count is:0 for thread number001 in:380microseconds
Received message count is: in:0 for thread number1461 in: for thread number384microseconds
2 in:microseconds
Received message count is:0 for thread number329Received message count is:00 in:469microseconds
microseconds
Received message count is: for thread numberReceived message count is:10 for thread number0 for thread number02 in: in: in:471342391microseconds
Received message count is:0 for thread numbermicroseconds
microseconds
1Received message count is:Received message count is:00 in: for thread number for thread number2 in:397349microseconds
0microseconds
Received message count is:0 in: for thread number479microseconds
Received message count is:Received message count is:00 for thread number0 in:1 for thread number2 in:354microseconds
Received message count is: in:484404microseconds
Received message count is:0 for thread number01 for thread number in:2409 in:357microseconds
Received message count is:0 for thread numbermicroseconds
microseconds
2 in:362microseconds
Received message count is:0 for thread numberReceived message count is:Received message count is:00 for thread number2 for thread number in:3641microseconds
 in:415microseconds
Received message count is:0 for thread number1 in:425microseconds
Received message count is:0 for thread number1 in:427microseconds
Received message count is:0 for thread number1 in:428microseconds
0Received message count is:0 for thread number1 in: in:494microseconds
Received message count is:0 for thread number0 in:430512microseconds
microseconds
Received message count is:0 for thread number0 in:514microseconds
Received message count is:0Received message count is: for thread number0 for thread number0 in:515microseconds
Received message count is:10 in:436microseconds
Received message count is:0 for thread number0 in:518microseconds
 for thread numberReceived message count is:0 for thread number0 in:520microseconds
Received message count is:1Received message count is: in:00 for thread number for thread number0 in:521microseconds
Received message count is:44002 for thread number in:microseconds
Received message count is:00 for thread number371microseconds
Received message count is:1 in: in:0449 for thread number5262 in:399microseconds
microseconds
Received message count is:0 for thread numbermicroseconds
2Received message count is: in:Received message count is:40400 for thread numbermicroseconds
 for thread number0 in:535microseconds
1Received message count is: in:455microseconds
Received message count is:0 for thread numberReceived message count is:000 for thread number for thread number in:12 in:462microseconds
 in:Received message count is:0 for thread number1 in:541467407microseconds
microseconds
Received message count is:Received message count is:microseconds
Received message count is:0 for thread number0 in:05480 for thread number1 in: for thread number4682 in:418microseconds
Received message count is:microseconds
0Received message count is:0 for thread number1 in:microseconds
 for thread number2 in:423microseconds
Received message count is:4740 for thread number2microseconds
Received message count is:0Received message count is: for thread number01 for thread number in:0 in: in:556microseconds
Received message count is:0 for thread number0425 in:478microseconds
562Received message count is:microseconds
Received message count is:0 for thread number1microseconds
 in:0 for thread number4862 in:microseconds
434microseconds
Received message count is:0 for thread numberReceived message count is:00 for thread number2Received message count is: in:0 for thread number1437microseconds
 in:489 in:microseconds
Received message count is:Received message count is:0 for thread number5670 for thread number2 in:440microseconds
1Received message count is:microseconds
0 for thread number0 in:Received message count is: in:5750microseconds
Received message count is:0 for thread number4940 in:microseconds
 for thread number579microseconds
Received message count is:Received message count is:00 for thread number for thread number21 in:502microseconds
 in:446microseconds
Received message count is:0 for thread number2 in:0456microseconds
Received message count is:0 for thread numberReceived message count is:2 in:0 for thread number1 in: in:582457microseconds
508Received message count is:0 for thread number2 in:461microseconds
Received message count is:microseconds
0Received message count is: for thread number2 in:462microseconds
Received message count is:00 for thread number0 in:593microseconds
Received message count is:microseconds
 for thread number2 in:464microseconds
Received message count is:00 for thread numberReceived message count is: for thread number020 in: for thread number in:4671 in:519microseconds
596microseconds
Received message count is:0 for thread numbermicroseconds
Received message count is:0 for thread number01Received message count is: in:603microseconds
Received message count is:00 for thread number2 in:472microseconds
 in:Received message count is: for thread number00 in:606microseconds
523microseconds
Received message count is: for thread numberReceived message count is:200 for thread number0 in: for thread number6091microseconds
Received message count is:0 for thread number0 in:613 in:530microseconds
 in:microseconds
Received message count is:0 for thread number0 in:619microseconds
Received message count is:0 for thread number0 in:620microseconds
Received message count is:0 for thread number0 in:621microseconds
Received message count is:0 for thread number0 in:622microseconds
Received message count is:0 for thread number0 in:623Received message count is:microseconds
0 for thread numberReceived message count is:10 for thread number0 in:627microseconds
Received message count is:0 for thread number in:0 in:628microseconds
Received message count is:0 for thread number0 in:630microseconds
536Received message count is:0 for thread number0 in:632microseconds
microseconds
Received message count is:Received message count is:0 for thread number1 in:555microseconds
Received message count is:00 for thread number1 in:557microseconds
 for thread numberReceived message count is:00 for thread number1 in:560 in:microseconds
Received message count is:0633 for thread numbermicroseconds
4771 in:microseconds
Received message count is:564microseconds
Received message count is:Received message count is:00 for thread number for thread number2 in:10 in: for thread number0569517 in:646microseconds
Received message count is:0 for thread number0 in:microseconds
655microseconds
Received message count is:0 for thread number0 in:656microseconds
Received message count is:0 for thread number1Received message count is:0 for thread number0 in:658microseconds
 in:578microseconds
Received message count is:microseconds
0Received message count is:0 for thread number0 in:661microseconds
Received message count is: for thread numberReceived message count is:100 for thread number in:2581 for thread number0 in:662microseconds
 in:532Received message count is:microseconds
Received message count is:0microseconds
 for thread number00Received message count is:0 for thread number1 for thread number in: in:2593microseconds
Received message count is:0 in: for thread number5391microseconds
 in:Received message count is:0 for thread number2 in:548microseconds
Received message count is:5970microseconds
Received message count is:0 for thread number for thread number1 in:602microseconds
2 in:Received message count is:5490 for thread number1 in:603microseconds
microseconds
Received message count is:0Received message count is: for thread number0 for thread number1 in:606microseconds
2 in:Received message count is:555microseconds
0Received message count is:0 for thread number2 in:557microseconds
 for thread numberReceived message count is:10 for thread number2 in:558microseconds
 in:Received message count is:6080microseconds
 for thread numberReceived message count is:0 for thread number1 in:6152microseconds
 in:561microseconds
Received message count is:0Received message count is: for thread number0 for thread number2 in:566microseconds
Received message count is:0 for thread number12 in: in:567617microseconds
microseconds
Received message count is:Received message count is:0 for thread number1 in:621microseconds
0 for thread numberReceived message count is:20 for thread number in:1570 in:622microseconds
microseconds
Received message count is:0 for thread number1 in:626microseconds
Received message count is:0Received message count is:0 for thread number for thread number1 in:628microseconds
2Received message count is: in:0 for thread number1 in:631microseconds
576microseconds
Received message count is:0Received message count is: for thread number0 for thread number2 in:582microseconds
Received message count is:01 in: for thread number6322666microseconds
 in:microseconds
Received message count is:0 for thread number5831 in:Received message count is:microseconds
Received message count is:00 for thread number0 in:719microseconds
639 for thread numberReceived message count is:microseconds
Received message count is:00 for thread number0 in:722microseconds
2 for thread number in:590microseconds
Received message count is:Received message count is:0 for thread number10 in:0644 in: for thread number2 in:597microseconds
microseconds
725Received message count is:microseconds
Received message count is:0 for thread number1 in:654microseconds
Received message count is:0 for thread number1 in:661microseconds
Received message count is:0 for thread number1 in:662microseconds
Received message count is:0 for thread number1 in:663microseconds
Received message count is:0 for thread number1 in:664microseconds
Received message count is:0 for thread number2 in:602microseconds
Received message count is:0 for thread number2 in:619microseconds
Received message count is:0 for thread number2 in:620microseconds
Received message count is:0 for thread number2 in:620microseconds
Received message count is:0 for thread number2 in:621microseconds
0Received message count is: for thread number0 for thread number12 in:666microseconds
 in:Received message count is:622microseconds
Received message count is:0 for thread number2 in:628microseconds
Received message count is:0 for thread number2 in:629microseconds
Received message count is:0 for thread number2 in:630microseconds
Received message count is:0 for thread number2 in:630microseconds
Received message count is:0 for thread number2 in:631microseconds
Received message count is:0 for thread number2 in:632microseconds
Received message count is:0 for thread number2 in:633microseconds
Received message count is:0 for thread number2 in:633microseconds
Received message count is:0 for thread number2 in:634microseconds
Received message count is:0 for thread number2 in:635microseconds
Received message count is:0 for thread number2 in:635microseconds
Received message count is:0 for thread number2 in:636microseconds
Received message count is:0 for thread number2 in:637microseconds
Received message count is:0 for thread number2 in:637microseconds
Received message count is:0 for thread number2 in:638microseconds
Received message count is:0 for thread number2 in:639microseconds
Received message count is:0 for thread number2 in:639microseconds
Received message count is:0 for thread number2 in:640microseconds
Received message count is:0 for thread number2 in:641microseconds
Received message count is:0 for thread number2 in:641microseconds
Received message count is:0 for thread number2 in:642microseconds
Received message count is:0 for thread number2 in:643microseconds
Received message count is:0 for thread number2 in:644microseconds
Received message count is:0 for thread number2 in:644microseconds
Received message count is:0 for thread number2 in:645microseconds
Received message count is:0 for thread number2 in:646microseconds
Received message count is:0 for thread number2 in:647microseconds
Received message count is:0 for thread number2 in:648microseconds
Received message count is:0 for thread number2 in:649microseconds
Received message count is:0 for thread number2 in:651microseconds
Received message count is:0 for thread number2 in:652microseconds
Received message count is:0 for thread number2 in:654microseconds
Received message count is:0Received message count is:0 for thread number for thread number02 in:734microseconds
Received message count is:0 for thread number0 in: in:791655microseconds
microseconds
Received message count is:0Received message count is:0 for thread number for thread number2 in:664microseconds
0 in:Received message count is:7940 for thread number2 in:669microseconds
Received message count is:0 for thread numbermicroseconds
2Received message count is:0 for thread number0 in:802microseconds
 in:Received message count is:670microseconds
Received message count is:0 for thread number2 in:675microseconds
Received message count is:0 for thread number0 in:804microseconds
0Received message count is:0 for thread number0 in:808microseconds
Received message count is: for thread number02 for thread number in:676microseconds
Received message count is:0 in:810microseconds
Received message count is:0 for thread number00 in:816microseconds
 for thread numberReceived message count is:0 for thread number0 in:819microseconds
Received message count is:02 in: for thread number682microseconds
Received message count is:0 in:0820 for thread numbermicroseconds
2 in:694microseconds
Received message count is:0 for thread number2 in:696microseconds
Received message count is:0 for thread number2 in:704microseconds
Received message count is:0 for thread number2 in:706microseconds
Received message count is:0 for thread number2 in:708microseconds
Received message count is:Received message count is:0 for thread number20 in: for thread number710microseconds
Received message count is:0 for thread number2 in:713microseconds
0Received message count is:0 for thread number2 in: in:826714microseconds
Received message count is:0 for thread number2 in:717microseconds
microseconds
Received message count is:0 for thread number2 in:718microseconds
Received message count is:0 for thread numberReceived message count is:0 in:0849microseconds
 for thread numberReceived message count is:0 for thread number0 in:856microseconds
Received message count is:20 in: for thread number719microseconds
Received message count is:0 for thread number2 in:0729 in:microseconds
Received message count is:0 for thread number2 in:732microseconds
857Received message count is:0 for thread number2 in:733microseconds
microseconds
Received message count is:0 for thread numberReceived message count is:2 in:0734 for thread number0microseconds
 in:Received message count is:0 for thread number864microseconds
2Received message count is:0 for thread number0 in:874microseconds
Received message count is: in:0742microseconds
Received message count is:0 for thread number for thread number02 in:748microseconds
Received message count is: in:00 for thread number2875 in:microseconds
 for thread number1Received message count is: in:750678microseconds
microseconds
Received message count is:0 for thread number20Received message count is:0 for thread number1 in:809microseconds
Received message count is:0 for thread number in: for thread number1756microseconds
Received message count is: in:08100microseconds
 in:883Received message count is:microseconds
Received message count is:0 for thread number00 in:895microseconds
 for thread numberReceived message count is:0 for thread number0 in: for thread number897microseconds
2 in:761Received message count is:1microseconds
 in:815microseconds
0 for thread numberReceived message count is:0 in:899microseconds
Received message count is:0Received message count is:0 for thread number0 in:903microseconds
Received message count is:0 for thread number for thread number002 for thread number1 in:822 in:microseconds
772microseconds
 in:Received message count is:0 for thread number2 in:780microseconds
Received message count is:0 for thread number2 in:781Received message count is:904microseconds
Received message count is:0 for thread number0 in:microseconds
9120Received message count is:microseconds
0 for thread number1 in:830microseconds
 for thread number2Received message count is: in:784microseconds
Received message count is:0 for thread number2 in:787microseconds
Received message count is:Received message count is:0 for thread number2 in:0788microseconds
0 for thread number0 in:916microseconds
Received message count is:0Received message count is:0 for thread number for thread number2 in:790microseconds
0 in:920Received message count is:0microseconds
 for thread number2 in:794Received message count is:microseconds
0Received message count is:0 for thread number2 for thread number in:0799 in:929microseconds
microseconds
Received message count is:0Received message count is: for thread number2 in:806microseconds
0Received message count is: for thread number0 for thread number2 in:809microseconds
Received message count is:0 for thread number20 in: in:812 for thread numbermicroseconds
936microseconds
Received message count is:0 for thread number2Received message count is: in:1 in:837microseconds
0814 for thread numberReceived message count is:0 for thread number1 in:0 in:945microseconds
Received message count is:0 for thread numbermicroseconds
868microseconds
Received message count is:0 for thread number1 in:0Received message count is:0 for thread number8712 in: in:949microseconds
microseconds
821Received message count is:0Received message count is:microseconds
Received message count is:0 for thread number2 in:827microseconds
Received message count is:0 for thread number2 in:836microseconds
Received message count is:0 for thread number2 in:838microseconds
Received message count is:0 for thread number2 in:840microseconds
Received message count is:0 for thread number2 in:841microseconds
Received message count is:0 for thread number2 in:844microseconds
Received message count is:0 for thread number2 in:845microseconds
Received message count is:0 for thread number2 in:847microseconds
Received message count is:0 for thread number2 in:848microseconds
Received message count is:0 for thread number2 in:850microseconds
Received message count is:0 for thread number2 in:851microseconds
Received message count is:0 for thread number2 in:852microseconds
Received message count is:0 for thread number2 in:854microseconds
Received message count is:0 for thread number2 in:855microseconds
Received message count is:0 for thread number2 in:857microseconds
Received message count is:0 for thread number2 in:858microseconds
Received message count is:0 for thread number2 in:860microseconds
Received message count is:0 for thread number2 in:861microseconds
Received message count is:0 for thread number2 in:863microseconds
Received message count is:0 for thread number2 in:864microseconds
Received message count is:0 for thread number2 in:866microseconds
Received message count is:0 for thread number2 in:867microseconds
Received message count is:0 for thread number2 in:869microseconds
Received message count is:0 for thread number2 in:871microseconds
Received message count is:0 for thread number2 in:872microseconds
Received message count is:0 for thread number2 in:874microseconds
Received message count is:0 for thread number2 in:876microseconds
Received message count is:0 for thread number2 in:878microseconds
Received message count is:0 for thread number2 in:881microseconds
Received message count is:0 for thread number2 in:884microseconds
Received message count is:0 for thread number2 in:886microseconds
Received message count is:0 for thread number2 in:888microseconds
Received message count is:0 for thread number2 in:890microseconds
Received message count is:0 for thread number2 in:891microseconds
Received message count is:0 for thread number2 in:892microseconds
Received message count is:0 for thread number2 in:892microseconds
Received message count is:0 for thread number2 in:893microseconds
Received message count is:0 for thread number2 in:894microseconds
Received message count is:0 for thread number2 in:894microseconds
Received message count is:0 for thread number2 in:895microseconds
Received message count is:0 for thread number2 in:896microseconds
Received message count is:0 for thread number2 in:897microseconds
Received message count is:0 for thread number2 in:898microseconds
Received message count is:0 for thread number2 in:899microseconds
Received message count is:0 for thread number2 in:900microseconds
Received message count is:0 for thread number2 in:901microseconds
Received message count is:0 for thread number2 in:901microseconds
Received message count is:0 for thread number2 in:902microseconds
Received message count is:0 for thread number2 in:903microseconds
Received message count is:0 for thread number2 in:903microseconds
Received message count is:0 for thread number2 in:904microseconds
Received message count is:0 for thread number2 in:905microseconds
Received message count is:0 for thread number2 in:906microseconds
Received message count is:0 for thread number2 in:906microseconds
Received message count is:0 for thread number2 in:907microseconds
Received message count is:0 for thread number2 in:908microseconds
Received message count is:0 for thread number2 in:909microseconds
Received message count is:0 for thread number2 in:909microseconds
Received message count is:0 for thread number2 in:910microseconds
Received message count is:0 for thread number2 in:911microseconds
Received message count is:0 for thread number2 in:911microseconds
Received message count is:0 for thread number2 in:912microseconds
Received message count is:0 for thread number2 in:913microseconds
Received message count is:0 for thread number2 in:917microseconds
Received message count is:0 for thread number2 in:918microseconds
Received message count is:0 for thread number2 in:919microseconds
Received message count is:0 for thread number2 in:920microseconds
Received message count is:0 for thread number2 in:921microseconds
Received message count is:0 for thread number2 in:923microseconds
Received message count is:0 for thread number2 in:924microseconds
Received message count is:0 for thread number2 in:926microseconds
Received message count is:0 for thread number2 in:927microseconds
Received message count is:0 for thread number2 in:929microseconds
Received message count is:0 for thread number2 in:929microseconds
Received message count is:0 for thread number2 in:930microseconds
Received message count is:0 for thread number2 in:931microseconds
Received message count is:0 for thread number2 in:932microseconds
Received message count is:0 for thread number2 in:933microseconds
Received message count is:0 for thread number2 in:933microseconds
Received message count is:0 for thread number2 in:934microseconds
Received message count is:0 for thread number2 in:935microseconds
Received message count is:0 for thread number2 in:935microseconds
Received message count is:0 for thread number2 in:936microseconds
Received message count is:0 for thread number2 in:937microseconds
Received message count is:0 for thread number2 in:938microseconds
Received message count is:0 for thread number2 in:938microseconds
Received message count is:0 for thread number2 in:939microseconds
Received message count is:0 for thread number2 in:940microseconds
Received message count is:0 for thread number2 in:941microseconds
Received message count is:0 for thread number2 in:942microseconds
Received message count is:0 for thread number2 in:943microseconds
Received message count is:0 for thread number2 in:944microseconds
Received message count is:0 for thread number2 in:945microseconds
Received message count is:0 for thread number2 in:946microseconds
Received message count is:0 for thread number2 in:946microseconds
Received message count is:0 for thread number2 in:947microseconds
Received message count is:0 for thread number2 in:948microseconds
Received message count is:0 for thread number2 in:949microseconds
Received message count is:0 for thread number2 in:949microseconds
Received message count is:0 for thread number2 in:950microseconds
Received message count is:0 for thread number2 in:951microseconds
Received message count is:0 for thread number2 in:951microseconds
Received message count is:0 for thread number2 in:952microseconds
Received message count is:0 for thread number2 in:953microseconds
Received message count is:0 for thread number2 in:953microseconds
Received message count is:0 for thread number2 in:954microseconds
Received message count is:0 for thread number2 in:955microseconds
Received message count is:0 for thread number2 in:955microseconds
Received message count is:0 for thread number2 in:956microseconds
Received message count is:0 for thread number2 in:957microseconds
Received message count is:0 for thread number2 in:958microseconds
Received message count is:0 for thread number2 in:958microseconds
Received message count is:0 for thread number2 in:959microseconds
Received message count is:0 for thread number2 in:960microseconds
Received message count is:0 for thread number2 in:960microseconds
Received message count is:0 for thread number2 in:961microseconds
Received message count is:0 for thread number2 in:962microseconds
Received message count is:0 for thread number2 in:963microseconds
Received message count is:0 for thread number2 in:963microseconds
Received message count is:0 for thread number2 in:964microseconds
Received message count is:0 for thread number2 in:965microseconds
Received message count is:0 for thread number2 in:966microseconds
Received message count is:0 for thread number2 in:966microseconds
Received message count is:0 for thread number2 in:967microseconds
Received message count is:0 for thread number2 in:968microseconds
Received message count is:0 for thread number2 in:973microseconds
Received message count is:0 for thread number2 in:974microseconds
Received message count is:0 for thread number2 in:975microseconds
Received message count is:0 for thread number2 in:975microseconds
Received message count is:0 for thread number2 in:976microseconds
Received message count is:0 for thread number2 in:977microseconds
Received message count is:0 for thread number2 in:977microseconds
Received message count is:0 for thread number2 in:978microseconds
Received message count is:0 for thread number2 in:979microseconds
Received message count is:0 for thread number2 in:980microseconds
Received message count is:0 for thread number2 in:981microseconds
Received message count is:0 for thread number2 in:982microseconds
Received message count is:0 for thread number2 in:982microseconds
Received message count is:0 for thread number2 in:983microseconds
Received message count is:0 for thread number2 in:984microseconds
Received message count is:0 for thread number2 in:985microseconds
Received message count is:0 for thread number2 in:986microseconds
Received message count is:0 for thread number2 in: for thread number986microseconds
Received message count is:0 for thread number2 in:990microseconds
Received message count is:0 for thread number2 in:991microseconds
Received message count is:0 for thread number2 in:992microseconds
Received message count is:0 for thread number2 in:993microseconds
Received message count is:0 for thread number12 in:994microseconds
 in:Received message count is:0 for thread number2877 in:microseconds
995microseconds
Received message count is:Received message count is:0 for thread number1 in:10480microseconds
 for thread numberReceived message count is:0 for thread number1 in:21052 in:microseconds
Received message count is:0 for thread number1 in:1054microseconds
997microseconds
Received message count is:00 for thread number1 in:1057microseconds
Received message count is:0 for thread number1 in:1060microseconds
Received message count is:0 for thread number1 in:1062microseconds
Received message count is:0 for thread number1 in:1064microseconds
Received message count is:0 for thread number1 in:1066microseconds
Received message count is:0 for thread number1 in:1067microseconds
Received message count is:0 for thread number1 in:1069microseconds
Received message count is:0 for thread number1 in:1071microseconds
Received message count is:0 for thread number1 in:1073microseconds
 for thread number0Received message count is: in:0 for thread number1 in:1075microseconds
955Received message count is:0 for thread numbermicroseconds
1 in:Received message count is:Received message count is:107900 for thread number0 in:1160microseconds
Received message count is: for thread number2 in:microseconds
10060 for thread number0 in:Received message count is:11650microseconds
Received message count is:0 for thread number0 in:microseconds
 for thread number1 in:1089microseconds
1171Received message count is:0 for thread number1 in:Received message count is:microseconds
Received message count is:0 for thread number0 in:1175microseconds
1094Received message count is:0 for thread number0 in:1176microseconds
Received message count is:0 for thread number0microseconds
Received message count is: for thread number00 in:1177 for thread numbermicroseconds
21 in:1099microseconds
Received message count is:Received message count is:0 for thread number10 for thread number0 in:1183microseconds
Received message count is:0 for thread number0 in:1185 in:microseconds
 in:Received message count is:0 for thread number0 in:1190microseconds
10441104microseconds
microseconds
Received message count is:Received message count is:Received message count is:00 for thread number20 for thread number in:0 for thread number in:10641191microseconds
1microseconds
Received message count is: in:0 for thread number0 in:1198microseconds
Received message count is:01115 for thread numbermicroseconds
0 in:1202microseconds
Received message count is:0Received message count is:0 for thread number2 in:1069microseconds
Received message count is:0 for thread number2 in:1084microseconds
Received message count is:0 for thread number2 in:1086microseconds
 for thread number0 in:Received message count is:1206microseconds
Received message count is:0 for thread number0 in:12220microseconds
 for thread number2Received message count is:Received message count is:0 for thread number0 in:1225microseconds
 in:Received message count is:0 for thread number1 in:112810890 for thread number0 in:1226microseconds
Received message count is:0 for thread number0 in:1229microseconds
microseconds
microseconds
Received message count is:Received message count is:Received message count is:00 for thread number for thread number2 in:01103microseconds
1 in:Received message count is:11540 for thread number2 for thread number in:1105microseconds
0 in:1231microseconds
Received message count is:0 for thread numberReceived message count is:0 for thread number10 in:1237microseconds
Received message count is:0 for thread number0 in:1240microseconds
microseconds
Received message count is:0 for thread number0 in:1241microseconds
Received message count is:0 for thread number in:0Received message count is:0 for thread number1159 in:1242microseconds
Received message count is:0 for thread number0 in:1244microseconds
Received message count is:0 for thread number0 in:12452microseconds
 in:1113microseconds
Received message count is:0 for thread number0 in:1250microseconds
Received message count is:0 for thread number0Received message count is: in:1251microseconds
0 for thread number2 in:1122microseconds
microseconds
Received message count is:Received message count is:0 for thread number0 in:Received message count is:1257microseconds
0Received message count is:0 for thread number10 for thread number2 in:1127microseconds
 in: for thread number11770 in:microseconds
1260microseconds
Received message count is:0 for thread number0 in:1267microseconds
Received message count is:Received message count is:0 for thread number0 in:1268microseconds
Received message count is:00 for thread numberReceived message count is: for thread number0 for thread number0 in:1269microseconds
12 in:1135microseconds
Received message count is: in:0 for thread number0 in:1273Received message count is:microseconds
0Received message count is:0 for thread number0 in:1278microseconds
Received message count is:0 for thread number2 in:1189 for thread number0 in:1279microseconds
microseconds
1144Received message count is:0 for thread number0 in:Received message count is:1281microseconds
microseconds
Received message count is:0Received message count is:0 for thread number0 for thread number02 in: for thread number in:1158microseconds
1286microseconds
Received message count is:Received message count is:0 for thread number0 in:1293microseconds
Received message count is:0 for thread number00 for thread number2 in: in:1294microseconds
Received message count is:0 for thread number0 in:1296microseconds
1Received message count is:1163 in:1205microseconds
microseconds
0Received message count is:0Received message count is: for thread number0 in:1297microseconds
 for thread numberReceived message count is:0 for thread number0 in:1303microseconds
Received message count is:0 for thread number002 in:1171microseconds
 in:Received message count is:1304microseconds
Received message count is: for thread number01 in:1222microseconds
0 for thread numberReceived message count is:2 in:01176microseconds
 for thread number0Received message count is: in:1307microseconds
 for thread numberReceived message count is:0 for thread number0 in:11314microseconds
Received message count is:0 for thread number0 in:1316microseconds
Received message count is:0 in:0 for thread number12322microseconds
 in:1181microseconds
Received message count is: for thread number00 in:1317microseconds
Received message count is:0 for thread number0 in:1321microseconds
 for thread numberReceived message count is:0 for thread number0 in:1322microseconds
Received message count is:0 for thread numberReceived message count is:0 for thread number2 in:1190microseconds
Received message count is:0 for thread number2 in:1201microseconds
Received message count is:0 for thread number2 in:1203microseconds
Received message count is:0 for thread number02 in:1205microseconds
Received message count is:0 for thread number2 in:1210microseconds
 in:1323microseconds
Received message count is:0 for thread number0 in:1342microseconds
Received message count is:0 for thread number0 in:Received message count is:13430 for thread number2microseconds
 in:1211microseconds
Received message count is:Received message count is:00 for thread number for thread number0 in:1348microseconds
2Received message count is:0 for thread number0 in:1352microseconds
Received message count is:0 for thread number0 in:1353microseconds
Received message count is:0 for thread number0 in: in:13541218microseconds
microseconds
Received message count is:0 for thread number2 in:1228microseconds
Received message count is:0 for thread number2 in:Received message count is:0 for thread number12290 in:1359microseconds
Received message count is:0 for thread number0 in:1361microseconds
microseconds
Received message count is:0 for thread number0 in:1365microseconds
Received message count is:0 for thread numberReceived message count is:00 in: for thread number2 in:1236microseconds
1366microseconds
Received message count is:Received message count is:0 for thread number02 in:1241microseconds
Received message count is:0 for thread number2 in:1243 for thread numbermicroseconds
Received message count is:0 for thread number2 in:1245microseconds
Received message count is:00 for thread number2 in:1246microseconds
Received message count is:0 for thread number in:13712microseconds
 in:1248microseconds
Received message count is:0 for thread number2 in:1251microseconds
Received message count is:Received message count is:00 for thread number for thread number20 in:1252microseconds
Received message count is:0 for thread number in:2 in:1259microseconds
Received message count is:13820 for thread number2 in:1261microseconds
microseconds
Received message count is:0 for thread number0 in:1395microseconds
Received message count is:0 for thread number0 in:1396Received message count is:microseconds
Received message count is:0 for thread number0 in:1399microseconds
0Received message count is:0 for thread number0 in:1400microseconds
Received message count is: for thread number02 in:1267microseconds
 for thread numberReceived message count is:00 for thread number2 in:1273 in:microseconds
1401Received message count is:0 for thread number2 in:microseconds
1277microseconds
Received message count is:0 for thread numberReceived message count is:20 in: for thread number12800 in:microseconds
1411Received message count is:0 for thread number2 in:microseconds
1286microseconds
Received message count is:0 for thread numberReceived message count is:2 in:1289microseconds
0 for thread numberReceived message count is:00 for thread number2 in:1291microseconds
 in:Received message count is:0 for thread number1420microseconds
2Received message count is:0 for thread number0 in:1429microseconds
Received message count is: in:01297microseconds
 for thread number0 in:1430microseconds
Received message count is:0 for thread number0 in:Received message count is:0 for thread number21433microseconds
Received message count is:0 for thread number0 in:1435microseconds
Received message count is:10 in: for thread number0 in: in:1436microseconds
Received message count is:0 for thread number0 in:1440microseconds
Received message count is:01241microseconds
1304 for thread number0 in:1441microseconds
Received message count is:0microseconds
 for thread numberReceived message count is:Received message count is:000 for thread number for thread number12 in: in:13151364microseconds
microseconds
Received message count is: in:14430 for thread number2Received message count is:microseconds
 in:Received message count is:0 for thread number0 in:1452microseconds
0Received message count is:0 for thread number0 in:1453microseconds
Received message count is:01318 for thread number1 in:1370microseconds
Received message count is:0 for thread number1 in:1383microseconds
 for thread numberReceived message count is:0 for thread number1 in:1385microseconds
Received message count is:00 in: for thread number14541microseconds
 in:Received message count is:microseconds
0 for thread number0 in:13871471microseconds
Received message count is:0 for thread number0 in:Received message count is:14750microseconds
microseconds
 for thread number2 in:1345microseconds
Received message count is:0 for thread numberReceived message count is:Received message count is:0 for thread number21 in:01350 for thread numbermicroseconds
0 in:1478microseconds
 in:Received message count is:0 for thread number0 in:1486microseconds
Received message count is:0 for thread number0 in:Received message count is:148714000 for thread numbermicroseconds
2 in:Received message count is:microseconds
01354Received message count is:0 for thread number1 in: for thread numbermicroseconds
0 in:1491microseconds
1414Received message count is:0 for thread number0 in:Received message count is:1496microseconds
microseconds
Received message count is:0 for thread number0 in:1500Received message count is:0microseconds
Received message count is:0 for thread number0 in:1502microseconds
Received message count is: for thread number0 for thread number0 in:1503microseconds
Received message count is:0 for thread number0 in:02 in:1366microseconds
 for thread number1Received message count is:0 for thread number21504 in:1422microseconds
 in:Received message count is:microseconds
0Received message count is: for thread number0 for thread number0 in:1376microseconds
11509Received message count is:0 for thread number in:2 in:14301384microseconds
microseconds
microseconds
Received message count is:Received message count is:00 for thread number2 in: for thread number1 in:1438Received message count is:1387microseconds
Received message count is:0 for thread number0 in:0 for thread number2 in:microseconds
1390microseconds
1518microseconds
Received message count is:0Received message count is:0 for thread numberReceived message count is: for thread number0 in:1524microseconds
02Received message count is:0 for thread number0 in:1528microseconds
Received message count is:0 for thread number0 in:1529 for thread numbermicroseconds
Received message count is:0 in: for thread number10 in:1531microseconds
Received message count is:01394 in: for thread numbermicroseconds
1445microseconds
Received message count is:0Received message count is: for thread number0 for thread number0 in:1535microseconds
1 in:Received message count is:14580microseconds
 for thread number0 in:1538microseconds
Received message count is:0 for thread numberReceived message count is:00 for thread number in:1 in:1462microseconds
21541microseconds
Received message count is: in:Received message count is:00 for thread number1 in:14071468microseconds
 for thread number0 in:1548microseconds
microseconds
Received message count is:0 for thread number0 in:1551microseconds
Received message count is:0 for thread number0 in:Received message count is:Received message count is:155300 for thread numbermicroseconds
Received message count is:0 for thread number0 in: for thread number155612 in:microseconds
Received message count is:0 for thread number0 in:1560 in:microseconds
Received message count is:0 for thread number0 in:1562microseconds
Received message count is:01472microseconds
1423 for thread numberReceived message count is:0 in:1563microseconds
0Received message count is:0 for thread number0 in:1566microseconds
Received message count is:0 for thread number0 for thread number1 in:microseconds
1485microseconds
 in:1567microseconds
Received message count is:0 for thread numberReceived message count is:0Received message count is: in:01569microseconds
Received message count is:0 for thread number0 in: for thread number1573microseconds
Received message count is:0 for thread number0 in:1574microseconds
Received message count is:002 for thread number for thread number0 in:1 in:1575 in:14901440microseconds
Received message count is:0 for thread number0 in:1580microseconds
Received message count is:0 for thread number0 in:1586microseconds
Received message count is:0 for thread number0 in:1587microseconds
Received message count is:0 for thread number0 in:1588microseconds
Received message count is:0 for thread number0 in:1589microseconds
Received message count is:0 for thread number0 in:1590microseconds
Received message count is:0microseconds
Received message count is:0 for thread number1 in:1515microseconds
Received message count is:0 for thread number for thread number10 in:1591microseconds
Received message count is:0 for thread number0 in: in:15981517microseconds
Received message count is:microseconds
0Received message count is:0 for thread number0 in:1601microseconds
 for thread numberReceived message count is:1 in:01521microseconds
Received message count is:0 for thread number for thread number1 in:1526microseconds
Received message count is:0 for thread number01 in: in:1528microseconds
1602microseconds
Received message count is:Received message count is:00 for thread number0 in:1610microseconds
Received message count is: for thread number0 for thread number0 in:1612microseconds
Received message count is:01 in: for thread number1530microseconds
Received message count is:0 for thread number1 in:1540microseconds
0 in:Received message count is:16150microseconds
Received message count is:0 for thread number for thread number01 in:1541microseconds
Received message count is:0 for thread number1 in: in:15441621microseconds
microseconds
Received message count is:0 for thread number0 in:1625microseconds
Received message count is:0 for thread number1Received message count is:0 for thread number0 in: in:16271547microseconds
Received message count is:0 for thread number0 in:1634microseconds
microseconds
Received message count is:0 for thread number0 in:Received message count is:1635microseconds
0 for thread numberReceived message count is:1 in:1557microseconds
0 for thread number0Received message count is: in:0 for thread number1 in:1560microseconds
Received message count is:0 for thread number1 in:1563microseconds
Received message count is:16360microseconds
 for thread numberReceived message count is:0 for thread number01 in: in:16451564microseconds
microseconds
Received message count is:Received message count is:00 for thread number0 in:1649microseconds
 for thread numberReceived message count is:10 for thread number0 in: in:1652microseconds
Received message count is:0 for thread number0 in:1570microseconds
1657microseconds
Received message count is:0Received message count is: for thread number0 for thread number0 in:1658microseconds
1 in:1579Received message count is:microseconds
0 for thread number0 in:1661microseconds
Received message count is:Received message count is:0 for thread number0 in:01666 for thread numbermicroseconds
1Received message count is: in:1587microseconds
Received message count is:0 for thread number10 in:1594microseconds
Received message count is:0 for thread number1 in:1595microseconds
Received message count is:0 for thread number1 in:1597microseconds
Received message count is:0 for thread number1 in:1598microseconds
Received message count is:0 for thread number1 in:1600microseconds
Received message count is:0 for thread number1 in:1601microseconds
Received message count is:0 for thread number1 in:1603microseconds
microseconds
Received message count is:Received message count is:0 for thread number10 in: for thread number21607 in:microseconds
1555microseconds
Received message count is:0 for thread numberReceived message count is:1 in:1609microseconds
Received message count is:00 for thread number1 in:1610microseconds
 for thread number2Received message count is: in:0 for thread number1 in:1612microseconds
1558microseconds
Received message count is:0Received message count is: for thread number0 for thread number2 in:1562microseconds
1 in:1613Received message count is:0microseconds
 for thread numberReceived message count is:0 for thread number1 in:16182microseconds
 in:1564Received message count is:microseconds
0 for thread number1 in:1619microseconds
Received message count is:0 for thread number1 in:1626microseconds
Received message count is:0 for thread number1 in:1628microseconds
Received message count is:0 for thread number1Received message count is:0 in: for thread number1630microseconds
2 in:Received message count is:15700 for thread number1 in:1635microseconds
microseconds
Received message count is:Received message count is:00 for thread number1 for thread number in:1636microseconds
Received message count is:20 in: for thread number1585microseconds
Received message count is:01 for thread number in:2 in:1589microseconds
Received message count is:1639microseconds
0Received message count is:0 for thread number1 for thread number in:21642 in:microseconds
1591microseconds
Received message count is:0Received message count is: for thread number0 for thread number1 in:21643microseconds
Received message count is:0 in: for thread number1593microseconds
1Received message count is:0 for thread number2 in: in:1599microseconds
Received message count is:01648 for thread numbermicroseconds
2 in:1601Received message count is:microseconds
0 for thread number1 in:1653microseconds
Received message count is:Received message count is:00 for thread number for thread number12 in:1654microseconds
Received message count is: in:01603 for thread number0 in:1670microseconds
 for thread numbermicroseconds
Received message count is:Received message count is:0 for thread number0 in:1736microseconds
Received message count is:010 for thread number2 in:1607microseconds
 in: for thread number16550 in:1739microseconds
Received message count is:Received message count is:0 for thread number0 in:1743microseconds
Received message count is:0 for thread numbermicroseconds
0 for thread number2 in:1611microseconds
0Received message count is: in:1744microseconds
0Received message count is: for thread number01 in:1667microseconds
 for thread number0 in:Received message count is:17470 for thread number1 in:1672microseconds
microseconds
Received message count is:0 for thread number0 in:1753microseconds
Received message count is:0Received message count is: for thread number0 for thread number1 in:1675microseconds
0Received message count is: in:0 for thread number1 in:1677microseconds
1754microseconds
Received message count is:0 for thread numberReceived message count is:1 in:1680microseconds
Received message count is:0 for thread number1 in:01684microseconds
Received message count is:0 for thread number for thread number1 in:1686microseconds
Received message count is:0 for thread number01 in: in:16891759microseconds
Received message count is:0 for thread number1 in:1692microseconds
microseconds
Received message count is:0 for thread numberReceived message count is:10 in: for thread number16930microseconds
 in:Received message count is:0 for thread number11772microseconds
 in:Received message count is:0 for thread number16960microseconds
 in:Received message count is:0 for thread number1 in:1703microseconds
1779Received message count is:microseconds
0Received message count is:0 for thread number for thread number01 in:1784microseconds
Received message count is:0 for thread number0 in:1787 in:microseconds
1704microseconds
Received message count is:Received message count is:00 for thread number0 in:1792microseconds
 for thread number1 in:1713microseconds
Received message count is:Received message count is:0 for thread number0 for thread number0 in:11795microseconds
Received message count is:0 for thread number0 in: in:17991717microseconds
microseconds
Received message count is:0 for thread number0 in:1802microseconds
Received message count is:0 for thread number0 in:Received message count is:1803microseconds
0 for thread numberReceived message count is:10 in:1724 for thread numbermicroseconds
Received message count is:0 in:01807microseconds
Received message count is:0 for thread number0 in:1813microseconds
 for thread numberReceived message count is:10 in: for thread number1732microseconds
Received message count is:0 in:01816microseconds
Received message count is:0 for thread number0 in:1822microseconds
Received message count is:0 for thread number0 in:1828microseconds
Received message count is:0 for thread number0 in:1829microseconds
Received message count is:0 for thread number0 in:1830microseconds
Received message count is:0 for thread number0 in:1831microseconds
Received message count is:0 for thread number0 in:1832microseconds
Received message count is:0 for thread number0 in:1833microseconds
Received message count is:0 for thread number0 in:1834microseconds
Received message count is:0 for thread number0 in:1835microseconds
Received message count is:0 for thread number0 in:1836Received message count is:microseconds
Received message count is:0 for thread number0 in:1839microseconds
Received message count is:0 for thread number00 for thread number2 in:1616microseconds
 in:Received message count is:01840 for thread number2 in:1713microseconds
microseconds
Received message count is:0 for thread number0 in:1846microseconds
Received message count is:Received message count is:0 for thread number02 for thread number in:1716microseconds
0Received message count is: in:0 for thread number2 in:1722microseconds
Received message count is:18470 for thread number2 in:1724microseconds
microseconds
Received message count is:0 for thread number0 in:1859microseconds
Received message count is:Received message count is:00 for thread number0 in:1860microseconds
Received message count is:0 for thread number for thread number0 in:1861microseconds
Received message count is:0 for thread number0 in:1863microseconds
2Received message count is:0 for thread number0 in:1865microseconds
Received message count is:0 for thread number in:01730 in:microseconds
1866microseconds
Received message count is:0 for thread number0 in:1869microseconds
Received message count is:0 for thread numberReceived message count is:20 for thread number0 in:1870microseconds
Received message count is:0 for thread number0 in: in:1740microseconds
Received message count is:0 for thread number2 in:18731746microseconds
microseconds
Received message count is:0 for thread number2 in:1749microseconds
Received message count is:0 for thread number2 in:Received message count is:17500 for thread number0 in:microseconds
1880microseconds
Received message count is:Received message count is:00 for thread number for thread number2 in:1752microseconds
0Received message count is:0 in: for thread number1883microseconds
Received message count is:20 for thread number0 in:1890microseconds
 in:Received message count is:17560 for thread number0 in:1893microseconds
Received message count is:0microseconds
 for thread number0 in:1896microseconds
Received message count is:0 for thread number0Received message count is: in:0 for thread number18982 in:1768microseconds
Received message count is:0 for thread number2 in:1773microseconds
microseconds
Received message count is:0 for thread number0 in:1906microseconds
Received message count is:0 for thread numberReceived message count is:00 for thread number2 in:1777 in:microseconds
1907Received message count is:0 for thread numbermicroseconds
2 in:1783Received message count is:microseconds
0 for thread number0 in:1914microseconds
Received message count is:0 for thread number0 in:1916Received message count is:microseconds
Received message count is:0 for thread number0 in:1918microseconds
0 for thread numberReceived message count is:20 for thread number0 in:1919microseconds
Received message count is: in:0 for thread number1786microseconds
0Received message count is:0 for thread number2 in:1794microseconds
Received message count is: in:0 for thread number2 in:1795microseconds
Received message count is:0 for thread number1922microseconds
2Received message count is:0 for thread number0 in:1928microseconds
Received message count is: in:0 for thread number17960 in:microseconds
1929microseconds
Received message count is:0 for thread number0 in:1932microseconds
Received message count is:0Received message count is: for thread number0 for thread number2 in:18030microseconds
 in:1933microseconds
Received message count is:0 for thread number0 in:1940microseconds
Received message count is:Received message count is:0 for thread number00 in: for thread number2 in:18121943microseconds
microseconds
Received message count is:0 for thread number2Received message count is:0 for thread number0 in:1948microseconds
 in:1817Received message count is:microseconds
Received message count is:0 for thread number2 in:1821microseconds
0 for thread number0 in:Received message count is:1949microseconds
Received message count is:0 for thread number0 in:01954microseconds
 for thread numberReceived message count is:0 for thread number0 in:1957microseconds
2 in:Received message count is:1822microseconds
Received message count is:0 for thread number2 in:01830 for thread numbermicroseconds
0 in:1958microseconds
Received message count is:0 for thread number0 in:1962microseconds
Received message count is:0 for thread number2Received message count is: in:0 for thread number0 in:1963microseconds
Received message count is:0 for thread number01833 in:microseconds
Received message count is:0 for thread number2 in:19661837microseconds
Received message count is:0 for thread numbermicroseconds
2 in:1839microseconds
Received message count is:0Received message count is: for thread number0 for thread number0 in:19712 in:microseconds
1840Received message count is:0 for thread number0 in:1975microseconds
microseconds
Received message count is:0 for thread numberReceived message count is:0 in:1976microseconds
Received message count is:0 for thread number0 for thread number02 in: in:1978microseconds
1847Received message count is:microseconds
0 for thread number0 in:1981microseconds
Received message count is:0 for thread number0Received message count is: in:1984microseconds
Received message count is:0 for thread number0 in:01986microseconds
Received message count is:0 for thread number for thread number02 in: in:18541989microseconds
microseconds
Received message count is:0 for thread numberReceived message count is:02 for thread number0 in:1994microseconds
Received message count is:0 for thread number in:0 in:1999microseconds
Received message count is:0 for thread number0 in:1864microseconds
2001Received message count is:0 for thread number2 in:1874microseconds
Received message count is:0 for thread numbermicroseconds
2 in:Received message count is:18740microseconds
 for thread numberReceived message count is:0 for thread number02 in: in:1877microseconds
Received message count is:0 for thread number2 in:1882microseconds
Received message count is:0 for thread number2 in:1889microseconds
Received message count is:0 for thread number2 in:2005microseconds
1891Received message count is:0 for thread number0 in:2023microseconds
Received message count is:microseconds
0 for thread number0 in:Received message count is:2024microseconds
0Received message count is:0 for thread number0 in:2027microseconds
 for thread numberReceived message count is:0 for thread number0 in:2028microseconds
2 in:Received message count is:18950 for thread numbermicroseconds
0Received message count is:0 for thread number in:2029microseconds
2Received message count is:0 for thread number0 in:2037microseconds
 in:Received message count is:19030microseconds
Received message count is:0 for thread number2 in:1911microseconds
 for thread numberReceived message count is:0 for thread number2 in:1913microseconds
Received message count is:00 for thread number in:22038 in:microseconds
1914microseconds
Received message count is:0 for thread number2 in:1920microseconds
Received message count is:0 for thread numberReceived message count is:20 in:1920microseconds
Received message count is:0 for thread number2 in:1923microseconds
 for thread numberReceived message count is:0 for thread number2 in:1924microseconds
Received message count is:0 for thread number0 in:22050 in:1925microseconds
Received message count is:microseconds
0 for thread number2 in:1929microseconds
Received message count is:0 for thread number2Received message count is: in:1930microseconds
Received message count is:0 for thread number2 in:1933microseconds
0Received message count is: for thread number for thread number1 in:1741microseconds
Received message count is:0 for thread number1 in:1996microseconds
Received message count is:00 for thread number in:1 in:1997microseconds
Received message count is:0 for thread number1 in:20611999microseconds
microseconds
Received message count is:Received message count is:0 for thread number1 in:2002microseconds
Received message count is:0 for thread number1 in:02003 for thread number0 in:2081microseconds
microseconds
Received message count is:0 for thread number0 in:2087Received message count is:0 for thread numbermicroseconds
1Received message count is:0 for thread number0 in:2092microseconds
 in:2009microseconds
Received message count is:Received message count is:0 for thread number1 in:2016microseconds
Received message count is:00 for thread number for thread number0 in:2093microseconds
Received message count is:10 in:2017 for thread numbermicroseconds
0Received message count is:0 for thread number1 in:2024microseconds
Received message count is:0 for thread number in:12098microseconds
 in:2025microseconds
Received message count is:0 for thread number0Received message count is: in:2105microseconds
Received message count is:0 for thread number0 in:02107microseconds
 for thread numberReceived message count is:0 for thread number0 in:2109microseconds
Received message count is:10 in:2026 for thread numbermicroseconds
[...]
Received message count is:505 for thread number0 in:8679microseconds
Received message count is:505 for thread number0 in:8680microseconds
Received message count is:505 for thread number0 in:8681microseconds
Received message count is:505 for thread number0 in:8682microseconds
Received message count is:505 for thread number0 in:8683microseconds
Received message count is:505 for thread number0 in:8684microseconds
Received message count is:505 for thread number0 in:8685microseconds
Received message count is:505 for thread number0 in:8686microseconds
Received message count is:505 for thread number0 in:8687microseconds
Received message count is:505 for thread number0 in:8688microseconds
Received message count is:505 for thread number0 in:8689microseconds
Received message count is:505 for thread number0 in:8690microseconds
Received message count is:505 for thread number0 in:8690microseconds
Received message count is:505 for thread number0 in:8691microseconds
Received message count is:505 for thread number0 in:8692microseconds
Received message count is:505 for thread number0 in:8692microseconds
Received message count is:505 for thread number0 in:8693microseconds
Received message count is:505 for thread number0 in:8694microseconds
Received message count is:505 for thread number0 in:8694microseconds
Received message count is:505 for thread number0 in:8695microseconds
Received message count is:505 for thread number0 in:8696microseconds
Received message count is:505 for thread number0 in:8698microseconds
Received message count is:505 for thread number0 in:8699microseconds
Received message count is:505 for thread number0 in:8700microseconds
Received message count is:505 for thread number0 in:8701microseconds
Received message count is:505 for thread number0 in:8703microseconds
Received message count is:505 for thread number0 in:8704microseconds
Received message count is:505 for thread number0 in:8705microseconds
Received message count is:505 for thread number0 in:8706microseconds
Received message count is:505 for thread number0 in:8707microseconds
Received message count is:505 for thread number0 in:8708microseconds
Received message count is:505 for thread number0 in:8709microseconds
Received message count is:505 for thread number0 in:8710microseconds
Received message count is:505 for thread number0 in:8712microseconds
Received message count is:505 for thread number0 in:8713microseconds
Received message count is:505 for thread number0 in:8714microseconds
Received message count is:505 for thread number0 in:8716microseconds
Received message count is:505 for thread number0 in:8717microseconds
Received message count is:505 for thread number0 in:8718microseconds
Received message count is:505 for thread number0 in:8719microseconds
Received message count is:505 for thread number0 in:8719microseconds
Received message count is:505 for thread number0 in:8720microseconds
Received message count is:505 for thread number0 in:8721microseconds
Received message count is:505 for thread number0 in:8722microseconds
Received message count is:505 for thread number0 in:8724microseconds
Received message count is:505 for thread number0 in:8725microseconds
Received message count is:505 for thread number0 in:8726microseconds
Received message count is:505 for thread number0 in:8727microseconds
Received message count is:505 for thread number0 in:8731microseconds
Received message count is:505 for thread number0 in:8733microseconds
Received message count is:505 for thread number0 in:8734microseconds
Received message count is:505 for thread number0 in:8734microseconds
Received message count is:505 for thread number0 in:8735microseconds
Received message count is:505 for thread number0 in:8736microseconds
Received message count is:505 for thread number0 in:8737microseconds
Received message count is:505 for thread number0 in:8739microseconds
Received message count is:505 for thread number0 in:8740microseconds
Received message count is:505 for thread number0 in:8741microseconds
Received message count is:505 for thread number0 in:8742microseconds
Received message count is:505 for thread number0 in:8744microseconds
Received message count is:505 for thread number0 in:8745microseconds
Received message count is:505 for thread number0 in:8746microseconds
Received message count is:505 for thread number0 in:8747microseconds
Received message count is:505 for thread number0 in:8748microseconds
Received message count is:505 for thread number0 in:8750microseconds
Received message count is:505 for thread number0 in:8751microseconds
Received message count is:505 for thread number0 in:8752microseconds
Received message count is:505 for thread number0 in:8753microseconds
Received message count is:505 for thread number0 in:8755microseconds
Received message count is:505 for thread number0 in:8756microseconds
Received message count is:505 for thread number0 in:8757microseconds
Received message count is:505 for thread number0 in:8759microseconds
Received message count is:505 for thread number0 in:8760microseconds
Received message count is:505 for thread number0 in:8760microseconds
Received message count is:505 for thread number0 in:8762microseconds
Received message count is:505 for thread number0 in:8763microseconds
Received message count is:505 for thread number0 in:8764microseconds
Received message count is:505 for thread number0 in:8765microseconds
Received message count is:505 for thread number0 in:8766microseconds
Received message count is:505 for thread number0 in:8767microseconds
Received message count is:505 for thread number0 in:8767microseconds
Received message count is:505 for thread number0 in:8768microseconds
Received message count is:505 for thread number0 in:8769microseconds
Received message count is:505 for thread number0 in:8771microseconds
Received message count is:505 for thread number0 in:8772microseconds
Received message count is:505 for thread number0 in:8773microseconds
Received message count is:505 for thread number0 in:8774microseconds
Received message count is:505 for thread number0 in:8775microseconds
Received message count is:505 for thread number0 in:8777microseconds
Received message count is:505 for thread number0 in:8778microseconds
Received message count is:505 for thread number0 in:8779microseconds
Received message count is:505 for thread number0 in:8780microseconds
Received message count is:505 for thread number0 in:8782microseconds
Received message count is:505 for thread number0 in:8782microseconds
Received message count is:505 for thread number0 in:8783microseconds
Received message count is:505 for thread number0 in:8784microseconds
Received message count is:505 for thread number0 in:8785microseconds
Received message count is:505 for thread number0 in:8786microseconds
Received message count is:505 for thread number0 in:8787microseconds
Received message count is:505 for thread number0 in:8788microseconds
Received message count is:505 for thread number0 in:8789microseconds
Received message count is:505 for thread number0 in:8789microseconds
Received message count is:505 for thread number0 in:8791microseconds
Received message count is:505 for thread number0 in:8792microseconds
Received message count is:505 for thread number0 in:8793microseconds
Received message count is:505 for thread number0 in:8794microseconds
Received message count is:505 for thread number0 in:8794microseconds
Received message count is:505 for thread number0 in:8795microseconds
Received message count is:505 for thread number0 in:8798microseconds
Received message count is:505 for thread number0 in:8799microseconds
Received message count is:505 for thread number0 in:8800microseconds
Received message count is:505 for thread number0 in:8801microseconds
Received message count is:505 for thread number0 in:8802microseconds
Received message count is:505 for thread number0 in:8802microseconds
Received message count is:505 for thread number0 in:8803microseconds
Received message count is:505 for thread number0 in:8804microseconds
Received message count is:505 for thread number0 in:8804microseconds
Received message count is:505 for thread number0 in:8805microseconds
Received message count is:505 for thread number0 in:8805microseconds
Received message count is:505 for thread number0 in:8806microseconds
Received message count is:505 for thread number0 in:8807microseconds
Received message count is:505 for thread number0 in:8807microseconds
Received message count is:505 for thread number0 in:8808microseconds
Received message count is:505 for thread number0 in:8808microseconds
Received message count is:505 for thread number0 in:8809microseconds
Received message count is:505 for thread number0 in:8810microseconds
Received message count is:505 for thread number0 in:8810microseconds
Received message count is:505 for thread number0 in:8811microseconds
Received message count is:505 for thread number0 in:8811microseconds
Received message count is:505 for thread number0 in:8812microseconds
Received message count is:505 for thread number0 in:8813microseconds
Received message count is:505 for thread number0 in:8813microseconds
Received message count is:505 for thread number0 in:8814microseconds
Received message count is:505 for thread number0 in:8814microseconds
Received message count is:505 for thread number0 in:8815microseconds
Received message count is:505 for thread number0 in:8816microseconds
Received message count is:505 for thread number0 in:8817microseconds
Received message count is:505 for thread number0 in:8818microseconds
Received message count is:505 for thread number0 in:8819microseconds
Received message count is:505 for thread number0 in:8819microseconds
Received message count is:505 for thread number0 in:8820microseconds
Received message count is:505 for thread number0 in:8821microseconds
Received message count is:505 for thread number0 in:8822microseconds
Received message count is:505 for thread number0 in:8823microseconds
Received message count is:505 for thread number0 in:8824microseconds
Received message count is:505 for thread number0 in:8829microseconds
Received message count is:505 for thread number0 in:8830microseconds
Received message count is:505 for thread number0 in:8831microseconds
Received message count is:505 for thread number0 in:8832microseconds
Received message count is:505 for thread number0 in:8833microseconds
Received message count is:505 for thread number0 in:8835microseconds
Received message count is:505 for thread number0 in:8836microseconds
Received message count is:505 for thread number0 in:8837microseconds
Received message count is:505 for thread number0 in:8838microseconds
Received message count is:505 for thread number0 in:8839microseconds
Received message count is:505 for thread number0 in:8840microseconds
Received message count is:505 for thread number0 in:8840microseconds
Received message count is:505 for thread number0 in:8842microseconds
Received message count is:505 for thread number0 in:8843microseconds
Received message count is:505 for thread number0 in:8844microseconds
Received message count is:505 for thread number0 in:8845microseconds
Received message count is:505 for thread number0 in:8847microseconds
Received message count is:505 for thread number0 in:8848microseconds
Received message count is:505 for thread number0 in:8849microseconds
Received message count is:505 for thread number0 in:8850microseconds
Received message count is:505 for thread number0 in:8854microseconds
Received message count is:505 for thread number0 in:8855microseconds
Received message count is:505 for thread number0 in:8861microseconds
Received message count is:505 for thread number0 in:8861microseconds
Received message count is:505 for thread number0 in:8862microseconds
Received message count is:505 for thread number0 in:8862microseconds
Received message count is:505 for thread number0 in:8863microseconds
Received message count is:505 for thread number0 in:8864microseconds
Received message count is:505 for thread number0 in:8865microseconds
Received message count is:505 for thread number0 in:8865microseconds
Received message count is:505 for thread number0 in:8866microseconds
Received message count is:505 for thread number0 in:8866microseconds
Received message count is:505 for thread number0 in:8867microseconds
Received message count is:505 for thread number0 in:8867microseconds
Received message count is:505 for thread number0 in:8868microseconds
Received message count is:505 for thread number0 in:8869microseconds
Received message count is:505 for thread number0 in:8869microseconds
Received message count is:505 for thread number0 in:8870microseconds
Received message count is:505 for thread number0 in:8870microseconds
Received message count is:505 for thread number0 in:8871microseconds
Received message count is:505 for thread number0 in:8872microseconds
Received message count is:505 for thread number0 in:8872microseconds
Received message count is:505 for thread number0 in:8873microseconds
Received message count is:505 for thread number0 in:8873microseconds
Received message count is:505 for thread number0 in:8874microseconds
Received message count is:505 for thread number0 in:8875microseconds
Received message count is:505 for thread number0 in:8875microseconds
Received message count is:505 for thread number0 in:8876microseconds
Received message count is:505 for thread number0 in:8877microseconds
Received message count is:505 for thread number0 in:8878microseconds
Received message count is:505 for thread number0 in:8879microseconds
Received message count is:506 for thread number0 in:8880microseconds
Received message count is:506 for thread number0 in:8881microseconds
Received message count is:506 for thread number0 in:8882microseconds
Received message count is:507 for thread number0 in:8884microseconds
Received message count is:516 for thread number0 in:8886microseconds
Received message count is:527 for thread number0 in:8888microseconds
Received message count is:538 for thread number0 in:8889microseconds
Received message count is:541 for thread number0 in:8890microseconds
Received message count is:546 for thread number0 in:8891microseconds
Received message count is:552 for thread number0 in:8893microseconds
Received message count is:564 for thread number0 in:8894microseconds
Received message count is:576 for thread number0 in:8896microseconds
Received message count is:582 for thread number0 in:8897microseconds
Received message count is:593 for thread number0 in:8899microseconds
Received message count is:603 for thread number0 in:8900microseconds
Received message count is:612 for thread number0 in:8901microseconds
Received message count is:622 for thread number0 in:8902microseconds
Received message count is:626 for thread number0 in:8903microseconds
Received message count is:632 for thread number0 in:8904microseconds
Received message count is:641 for thread number0 in:8906microseconds
Received message count is:651 for thread number0 in:8908microseconds
Received message count is:660 for thread number0 in:8909microseconds
Received message count is:673 for thread number0 in:8912microseconds
Received message count is:683 for thread number0 in:8914microseconds
Received message count is:692 for thread number0 in:8915microseconds
Received message count is:700 for thread number0 in:8916microseconds
Received message count is:707 for thread number0 in:8917microseconds
Received message count is:722 for thread number0 in:8919microseconds
Received message count is:732 for thread number0 in:8920microseconds
Received message count is:744 for thread number0 in:8923microseconds
Received message count is:782 for thread number0 in:8927microseconds
Received message count is:793 for thread number0 in:8929microseconds
Received message count is:800 for thread number0 in:8930microseconds
Received message count is:802 for thread number0 in:8930microseconds
Received message count is:807 for thread number0 in:8932microseconds
Received message count is:816 for thread number0 in:8933microseconds
Received message count is:825 for thread number0 in:8934microseconds
Received message count is:826 for thread number0 in:8944microseconds
Received message count is:834 for thread number0 in:8945microseconds
Received message count is:848 for thread number0 in:8946microseconds
Received message count is:857 for thread number0 in:8947microseconds
Received message count is:860 for thread number0 in:8949microseconds
Received message count is:862 for thread number0 in:8950microseconds
Received message count is:865 for thread number0 in:8951microseconds
Received message count is:867 for thread number0 in:8953microseconds
Received message count is:869 for thread number0 in:8954microseconds
Received message count is:871 for thread number0 in:8955microseconds
Received message count is:873 for thread number0 in:8956microseconds
Received message count is:874 for thread number0 in:8957microseconds
Received message count is:877 for thread number0 in:8959microseconds
Received message count is:879 for thread number0 in:8960microseconds
Received message count is:882 for thread number0 in:8961microseconds
Received message count is:885 for thread number0 in:8962microseconds
Received message count is:887 for thread number0 in:8963microseconds
Received message count is:890 for thread number0 in:8964microseconds
Received message count is:891 for thread number0 in:8966microseconds
Received message count is:892 for thread number0 in:8966microseconds
Received message count is:894 for thread number0 in:8967microseconds
Received message count is:896 for thread number0 in:8969microseconds
Received message count is:896 for thread number0 in:8970microseconds
Received message count is:900 for thread number0 in:8971microseconds
Received message count is:902 for thread number0 in:8972microseconds
Received message count is:905 for thread number0 in:8973microseconds
Received message count is:905 for thread number0 in:8974microseconds
Received message count is:907 for thread number0 in:8975microseconds
Received message count is:909 for thread number0 in:8976microseconds
Received message count is:911 for thread number0 in:8977microseconds
Received message count is:914 for thread number0 in:8978microseconds
Received message count is:917 for thread number0 in:8979microseconds
Received message count is:920 for thread number0 in:8980microseconds
Received message count is:922 for thread number0 in:8982microseconds
Received message count is:926 for thread number0 in:8983microseconds
Received message count is:930 for thread number0 in:8984microseconds
Received message count is:931 for thread number0 in:8985microseconds
Received message count is:932 for thread number0 in:8986microseconds
Received message count is:937 for thread number0 in:8987microseconds
Received message count is:938 for thread number0 in:8988microseconds
Received message count is:940 for thread number0 in:8989microseconds
Received message count is:946 for thread number0 in:8990microseconds
Received message count is:958 for thread number0 in:8991microseconds
Received message count is:963 for thread number0 in:8992microseconds
Received message count is:976 for thread number0 in:8994microseconds
Received message count is:983 for thread number0 in:8995microseconds
Received message count is:994 for thread number0 in:8996microseconds
Received message count is:1002 for thread number0 in:8997microseconds
Sent 719640 messages.
[       OK ] NATSGTest.TestPublishSubscribe (1433 ms)
[----------] 1 test from NATSGTest (1433 ms total)

[----------] Global test environment tear-down
[==========] 1 test from 1 test suite ran. (1433 ms total)
[  PASSED  ] 1 test.
<end of output>
Test time =   1.44 sec
----------------------------------------------------------
Test Passed.
"NATSGTest.TestPublishSubscribe" end time: Sep 26 10:31 +03
"NATSGTest.TestPublishSubscribe" time elapsed: 00:00:01
----------------------------------------------------------

End testing: Sep 26 10:31 +03
