Start testing: Sep 26 13:32 +03
----------------------------------------------------------
1/1 Testing: NATSGTest.TestPublishSubscribe
1/1 Test: NATSGTest.TestPublishSubscribe
Command: "/home/crox/Desktop/NATS_Compact_GTest/build/NATS_Compact_GTest" "--gtest_filter=NATSGTest.TestPublishSubscribe" "--gtest_also_run_disabled_tests"
Directory: /home/crox/Desktop/NATS_Compact_GTest/build
"NATSGTest.TestPublishSubscribe" start time: Sep 26 13:32 +03
Output:
----------------------------------------------------------
Note: Google Test filter = NATSGTest.TestPublishSubscribe
[==========] Running 1 test from 1 test suite.
[----------] Global test environment set-up.
[----------] 1 test from NATSGTest
[ RUN      ] NATSGTest.TestPublishSubscribe
Connection established s0.
Connection established s1.
Connection established s2.
s0 subscribed.
Received message count is:0 for thread number0 in:1microseconds
Received message count is:0 for thread number0 in:4microseconds
Received message count is:0 for thread number0 in:5microseconds
Received message count is:0 for thread number0 in:6microseconds
Received message count is:0 for thread number0 in:7microseconds
Received message count is:0 for thread number0 in:8microseconds
Received message count is:0 for thread number0 in:10microseconds
Received message count is:0 for thread number0 in:10microseconds
Received message count is:0 for thread number0 in:11microseconds
Received message count is:0 for thread number0 in:12microseconds
Received message count is:0 for thread number0 in:12microseconds
Received message count is:0 for thread number0 in:13microseconds
Received message count is:0 for thread number0 in:13microseconds
Received message count is:0 for thread number0 in:13microseconds
Received message count is:0 for thread number0 in:14microseconds
Received message count is:0 for thread number0 in:14microseconds
Received message count is:0 for thread number0 in:14microseconds
Received message count is:0 for thread numbers1 subscribed.
0 in:15microseconds
Received message count is:0 for thread number0 in:18microseconds
Received message count is:0 for thread number0 in:18microseconds
Received message count is:0 for thread numberReceived message count is:00 in:18microseconds
 for thread numberReceived message count is:1 in:1microseconds
0 for thread number0 in:21microseconds
Received message count is:Received message count is:0 for thread number1 in:05 for thread numbermicroseconds
Received message count is:00 in: for thread number1 in:8microseconds
22Received message count is:0 for thread number1 in:10microseconds
microseconds
Received message count is:0 for thread number0Received message count is: in:028 for thread numbermicroseconds
1Received message count is:0 for thread number0 in:30microseconds
Received message count is:0 for thread number0 in: in:3111microseconds
Received message count is:0 for thread number1 in:15microseconds
Received message count is:microseconds
Received message count is:00 for thread number for thread number10 in: in:34s2 subscribed.
16microseconds
Received message count is:0 for thread number1microseconds
 in:Received message count is:0 for thread number0 in:40microseconds
Received message count is:210Received message count is:microseconds
 for thread number0 in:Received message count is:0 for thread number4002microseconds
Received message count is: for thread number in:1microseconds
1 in:25microseconds
Received message count is:0 for thread number10 in: for thread number0 in:4429microseconds
Received message count is:0microseconds
Received message count is:0 for thread number0 in:49microseconds
Received message count is:0Received message count is: for thread number1 in:31microseconds
Received message count is:0 for thread number1 in:33microseconds
 for thread number00 in:49microseconds
Received message count is:Received message count is:0 for thread number1 in: for thread number332 in:8microseconds
Received message count is:0 for thread number1 in:37microseconds
Received message count is:0microseconds
Received message count is:0 for thread number2 in:16microseconds
0 for thread number1 in:37microseconds
Received message count is:0 for thread number1 in:39microseconds
 for thread number0 in:51microseconds
Received message count is:0 for thread number0 in:Received message count is:0 for thread number1 in:41microseconds
Received message count is:0 for thread number157microseconds
Received message count is:0 for thread number0 in:59microseconds
Received message count is: in:0 for thread numberReceived message count is:41microseconds
Received message count is:0 for thread number1 in:0 for thread number0 in:59microseconds
Received message count is:0 for thread number0 in:62244microseconds
Received message count is:0 for thread number1 in:46microseconds
Received message count is:0microseconds
 in:17microseconds
Received message count is:0 for thread number2 in:31microseconds
Received message count is:0 for thread number2 for thread number in:33microseconds
Received message count is:0 for thread number2 in:35microseconds
1 in:Received message count is:460microseconds
 for thread numberReceived message count is:0 for thread number1 in:58microseconds
Received message count is:0 for thread number1 in:59microseconds
Received message count is:0 for thread number1 in:2Received message count is:59 in:36microseconds
Received message count is:0microseconds
0Received message count is:0 for thread number1 in:62microseconds
Received message count is:0 for thread number1 in:62microseconds
 for thread numberReceived message count is:00 for thread number in:65microseconds
 for thread numberReceived message count is:2 in:39microseconds
1 in:Received message count is:630microseconds
0Received message count is: for thread number0 in:82microseconds
0 for thread numberReceived message count is: for thread number1 in:68microseconds
2Received message count is:00 for thread number0 in:86microseconds
Received message count is:0 for thread number0 in:88microseconds
 for thread numberReceived message count is: in:01 for thread number0 in:88microseconds
44Received message count is: in:070microseconds
Received message count is:0 for thread number for thread number0 in:901 in:76microseconds
microseconds
Received message count is:0 for thread number1Received message count is:0 for thread number0 in:microseconds
 in:96microseconds
Received message count is:Received message count is:78microseconds
Received message count is:0 for thread number1 in:82microseconds
Received message count is:0 for thread number2 in:5900 for thread number1 in:82microseconds
Received message count is:0 for thread number1 in:84microseconds
 for thread numberReceived message count is:microseconds
Received message count is:0 for thread number2 in:64microseconds
Received message count is:0 for thread number2 in:640microseconds
 for thread numberReceived message count is:0 for thread number2 in:01 in:84microseconds
Received message count is:0 for thread number1 in:89microseconds
Received message count is: in:66098 for thread number1 in:90microseconds
microseconds
microseconds
Received message count is:Received message count is:0 for thread number2 in:071microseconds
Received message count is:0 for thread number2 in:Received message count is: for thread number0 for thread number1 in:092 in:111microseconds
microseconds
Received message count is:Received message count is:0 for thread number0 in:116073 for thread numbermicroseconds
microseconds
Received message count is:0 for thread number12 in:Received message count is: in:81microseconds
Received message count is:0 for thread number10020microseconds
 in:Received message count is:0 for thread number1 in:107 for thread number84microseconds
Received message count is:00 in:121microseconds
Received message count is:0 for thread number0 in:126microseconds
 for thread number2 in:87microseconds
Received message count is:0 for thread numberReceived message count is:0 for thread number1 in:111microseconds
Received message count is:0 for thread number12 in:88microseconds
Received message count is:microseconds
 in:111microseconds
Received message count is:0 for thread number1 in:113microseconds
Received message count is:00 for thread number2 in:90microseconds
Received message count is: for thread number1 in:113microseconds
Received message count is:0 for thread number1 in:0116 for thread number0 in:microseconds
Received message count is:0 for thread number1 in:118microseconds
Received message count is:0 for thread number1Received message count is: in:119microseconds
Received message count is:0 for thread number1 in:120microseconds
1310 for thread number2 in:Received message count is:microseconds
Received message count is:0 for thread number0 in:139microseconds
Received message count is:0 for thread number0 in:140940microseconds
Received message count is: for thread number1 in:121microseconds
0microseconds
Received message count is: for thread number0 in:142microseconds
Received message count is:0 for thread number0 in:149microseconds
Received message count is:0 for thread number0 in:150microseconds
Received message count is:0 for thread number0 in:150microseconds
Received message count is:0 for thread number0 in:150microseconds
Received message count is:0 for thread number0 in:151microseconds
Received message count is:00 for thread number0 in:151microseconds
Received message count is:0 for thread number0 in:153microseconds
Received message count is: for thread number01 in: for thread number1260 in:153microseconds
Received message count is:0microseconds
Received message count is:0 for thread number1 in:140microseconds
 for thread numberReceived message count is:Received message count is:0 for thread number1 in:141microseconds
Received message count is:0 for thread number1 in:143microseconds
0Received message count is:0 for thread number01 in:157microseconds
Received message count is:0 for thread number0 in:161microseconds
 in:Received message count is:143microseconds
 for thread numberReceived message count is:0 for thread number1 in:146microseconds
Received message count is:0 for thread number1 in:146microseconds
2 in:106microseconds
0Received message count is: for thread number0 in:161microseconds
Received message count is:Received message count is:00 for thread number0 for thread number1 in:148microseconds
Received message count is:0 for thread number in:2166microseconds
Received message count is:0 for thread number0 in:170microseconds
Received message count is:0 for thread number in:126microseconds
Received message count is:0 for thread number00 in:170microseconds
Received message count is:0 for thread number0 in:172microseconds
 for thread numberReceived message count is:210 for thread number0 in:172microseconds
Received message count is:0 for thread number0 in:174microseconds
 in: in:150microseconds
132microseconds
Received message count is:Received message count is:Received message count is:00 for thread number1 in:159microseconds
Received message count is:0 for thread number1 in:161microseconds
 for thread number2 in:137microseconds
Received message count is:0Received message count is:0 for thread number for thread number0 in:01742 for thread number1 in:162microseconds
Received message count is:0 for thread number1microseconds
 in: in:140microseconds
Received message count is:0 for thread number167Received message count is:20 for thread number0 in:186microseconds
 in:microseconds
Received message count is:0 for thread number0 in:188microseconds
146Received message count is:Received message count is:0 for thread number00 for thread numbermicroseconds
 in:190microseconds
1 in:Received message count is:173Received message count is:0 for thread number20 in:microseconds
 for thread number0 in:155193Received message count is:0 for thread number1 in:microseconds
179microseconds
microseconds
Received message count is:Received message count is:0Received message count is:0 for thread number2 in:159microseconds
Received message count is:0 for thread number1 in: for thread number0182 for thread numbermicroseconds
2 in:162microseconds
0 in:Received message count is:199Received message count is:0 for thread number2 in:0microseconds
 for thread number1641 in:186Received message count is:microseconds
Received message count is:0 for thread number2 in:microseconds
0 for thread number0 in:207microseconds
169Received message count is:Received message count is:microseconds
0 for thread number10Received message count is:0 for thread number for thread number0 in:210microseconds
 in:Received message count is:0 for thread number2 in:192microseconds
Received message count is:00 for thread number in:214microseconds
1 in:198microseconds
Received message count is:0 for thread numberReceived message count is:0 for thread number17301 in: in:219microseconds
microseconds
Received message count is:201microseconds
Received message count is:0Received message count is: for thread number02 for thread number0 for thread number1 in:204microseconds
0 in:220microseconds
Received message count is:0 for thread number0 in:224microseconds
Received message count is:0 for thread number0Received message count is: in:0 for thread number2301microseconds
Received message count is:0 for thread number in:0207microseconds
 in: in:234microseconds
Received message count is:0 for thread number0 in:238182microseconds
microseconds
Received message count is:0 for thread number0 in:Received message count is:Received message count is:24200microseconds
 for thread numberReceived message count is:0 for thread number for thread number01 in:2202 in:247microseconds
microseconds
Received message count is:Received message count is: in:00 for thread number1204microseconds
Received message count is: in:0 for thread number for thread number2 in:214microseconds
Received message count is:23400 in:250microseconds
microseconds
Received message count is:0 for thread number0 in:257microseconds
Received message count is:0Received message count is:0 for thread number1 in: for thread number for thread number0 in:257microseconds
2402 in:216Received message count is:microseconds
microseconds
Received message count is:0Received message count is:0 for thread number2 for thread number0 in:1 in:244microseconds
 for thread numberReceived message count is:02230 in: for thread number260microseconds
1microseconds
Received message count is:0 for thread number0 in:267microseconds
Received message count is:0 for thread number2 in:229microseconds
 in:Received message count is:0 for thread number0 in:269microseconds
Received message count is:Received message count is:248microseconds
Received message count is:00 for thread number for thread number021 in:254microseconds
 in: for thread number230Received message count is:microseconds
0 in:0270Received message count is: for thread numbermicroseconds
01 in:Received message count is:257microseconds
 for thread number2 in:Received message count is:23800 for thread numbermicroseconds
Received message count is:0 for thread number for thread number21 in:242microseconds
0 in: in:279262Received message count is:microseconds
microseconds
0 for thread number2 in:Received message count is:0244 for thread numbermicroseconds
Received message count is:0 for thread number0 in:1287Received message count is:0 for thread number2 in:microseconds
Received message count is:250microseconds
Received message count is:0 for thread number in:20 for thread number0 in:291microseconds
269microseconds
Received message count is:0 for thread numberReceived message count is:0 for thread number in:01 in:253microseconds
Received message count is:0277microseconds
Received message count is:0 for thread number1 in:280 in: for thread number2942 in:microseconds
257microseconds
Received message count is:0 for thread numbermicroseconds
0 in:Received message count is:3000 for thread numberReceived message count is:microseconds
2 in:262microseconds
0Received message count is: for thread number0 for thread number1Received message count is:20 in:266microseconds
 in:Received message count is:0 for thread number2 in:269microseconds
Received message count is: for thread number284microseconds
0Received message count is: for thread number2 in:0270microseconds
0 for thread number1Received message count is: in:0 in:293305microseconds
 for thread number2 in:Received message count is:microseconds
2730 for thread numberReceived message count is:0 for thread number10 in:microseconds
 in:299microseconds
313Received message count is:microseconds
Received message count is:0 for thread number1Received message count is: in:0 for thread number2 in:280microseconds
0Received message count is:302microseconds
 for thread number0 in:321Received message count is:0microseconds
 for thread number02 for thread numberReceived message count is:0 for thread number0 in:327microseconds
Received message count is:0 for thread number0 in:327microseconds
 in:Received message count is:1284microseconds
0 in: for thread number0 in:328microseconds
Received message count is:Received message count is:307microseconds
Received message count is:0 for thread number1 in:3140 for thread number2 in:290microseconds
Received message count is:0 for thread number2 in:297microseconds
Received message count is:0 for thread number2 in:298microseconds
Received message count is:0 for thread number2 in:299microseconds
Received message count is:0 for thread number2 in:300microseconds
Received message count is:0 for thread number2 in:300microseconds
Received message count is:0 for thread number2 in:301microseconds
0Received message count is:0 for thread number2 in:302microseconds
Received message count is:0 for thread number2 in:303microseconds
Received message count is:0 for thread number2 in:303microseconds
Received message count is:0 for thread number2 in:304microseconds
Received message count is:0 for thread number2 in:305microseconds
Received message count is:0 for thread number2 in:306microseconds
Received message count is:0 for thread number2 in:306microseconds
Received message count is:0 for thread number2 in:307microseconds
 for thread numberReceived message count is:0 for thread number2 in:308microseconds
Received message count is:0 for thread number02 in: in:309330microseconds
Received message count is:microseconds
0 for thread numberReceived message count is:00 in: for thread number350microseconds
microseconds
2 in:312microseconds
Received message count is:0 for thread number2 in:314Received message count is:0 for thread numbermicroseconds
0Received message count is:0 for thread number2 in: in:318Received message count is:352microseconds
microseconds
0 for thread number1Received message count is: in:3380microseconds
Received message count is: for thread number0 for thread number2 in:322Received message count is:microseconds
Received message count is:000 in: for thread number360 for thread numbermicroseconds
1 in:3462 in:microseconds
Received message count is:327Received message count is:microseconds
Received message count is:0 for thread number2 in:0332 for thread numbermicroseconds
Received message count is:0 for thread number2 in:335microseconds
0Received message count is:0 for thread number2 in:336microseconds
Received message count is:0 for thread number2 in: for thread number1 in:0353microseconds
 in:337Received message count is:3690microseconds
Received message count is:0 for thread number2 in: for thread number342microseconds
microseconds
1 in:362microseconds
Received message count is:Received message count is:0 for thread number2 in:3430microseconds
Received message count is: for thread number0 in:384microseconds
Received message count is:Received message count is:0 for thread number00 in:0 for thread number2 in:348microseconds
Received message count is:0 for thread number2 in: for thread number388microseconds
Received message count is:01 in:367microseconds
350Received message count is:microseconds
Received message count is:00 for thread number1 in: for thread number2 in:354microseconds
Received message count is: for thread number3750 in:391microseconds
0microseconds
 for thread number2 in:357microseconds
Received message count is:Received message count is:Received message count is:00 for thread number for thread number010 for thread number2 in:361microseconds
Received message count is:0 for thread number in:2 in:398microseconds
 in:364microseconds
Received message count is:3830 for thread numberReceived message count is:microseconds
0 in:405Received message count is:microseconds
0 for thread number10Received message count is: in:0390 for thread number2 in:367microseconds
Received message count is:0 for thread number for thread number0 in:2409microseconds
Received message count is:0 in:371microseconds
Received message count is:0 for thread number2 in:376microseconds
Received message count is: for thread number0 for thread number2microseconds
 in:376microseconds
Received message count is:Received message count is:0 for thread number10 in:0 for thread number2 in:401 in:414microseconds
379microseconds
microseconds
Received message count is:0Received message count is:0Received message count is: for thread number2 in:383microseconds
Received message count is:0 for thread number2 in:3850microseconds
 for thread numberReceived message count is:0 for thread number2 in:388microseconds
Received message count is:0 for thread number2 in:392microseconds
Received message count is:0 for thread number2 in:393microseconds
Received message count is:0 for thread number2 in:394microseconds
Received message count is:0 for thread number2 in:395microseconds
Received message count is:0 for thread number2 in:395microseconds
Received message count is:0 for thread number2 in:396microseconds
 for thread numberReceived message count is:0 for thread number2 in:397microseconds
Received message count is:0 for thread number2 in:398microseconds
Received message count is:0 for thread number21 in: in:406microseconds
Received message count is:398microseconds
0Received message count is:0 for thread number2 in:401microseconds
Received message count is:00 for thread number for thread number2 in:402microseconds
 in:1 in:422microseconds
Received message count is:Received message count is:0 for thread number2421microseconds
 in:404microseconds
Received message count is:0 for thread number0 in:449microseconds
Received message count is:0 for thread number0 in:452microseconds
Received message count is:0 for thread number0 in:454microseconds
Received message count is:0 for thread number0Received message count is: in:0455microseconds
Received message count is:0 for thread number for thread number2 in:416microseconds
00Received message count is: in: for thread number457microseconds
0 for thread number2 in:420microseconds
Received message count is:Received message count is:0 for thread number2 in:423microseconds
Received message count is:0 for thread number21 in:424microseconds
 in:Received message count is:0428microseconds
0 for thread number2 in:Received message count is:4250microseconds
Received message count is:0 for thread number2 in:430 for thread number for thread numbermicroseconds
01 in: in:461450microseconds
microseconds
Received message count is:Received message count is:0 for thread number2 in:433microseconds
Received message count is:0 for thread numberReceived message count is:20 in:434microseconds
Received message count is:0 for thread number2 in:0437 for thread numbermicroseconds
Received message count is:0 for thread number2 in:440microseconds
 for thread numberReceived message count is:01 for thread number2 in: in:455microseconds
0441 in:microseconds
Received message count is:0 for thread number2 in:Received message count is:447472microseconds
0 for thread numbermicroseconds
1Received message count is:0 for thread number in:0Received message count is:467microseconds
 in:Received message count is:4880microseconds
0 for thread number2 in:450microseconds
Received message count is: for thread numberReceived message count is:10 in: for thread number2 in:454microseconds
Received message count is:00 for thread number474 for thread number0 in:2 in:493457microseconds
Received message count is:0microseconds
microseconds
Received message count is:0 for thread number2 in:461microseconds
Received message count is: for thread numberReceived message count is:00 for thread number2 in:462microseconds
Received message count is:0 for thread number2 in:465microseconds
0 for thread numberReceived message count is:0 for thread number2 in:467microseconds
 in:499Received message count is:0 for thread number2 in:468microseconds
Received message count is:0 for thread number2 in:469microseconds
microseconds
1Received message count is:0 for thread number2 in:471microseconds
Received message count is: in:0484microseconds
Received message count is:0 for thread number for thread number1 in:495microseconds
2 in:Received message count is:4720 for thread number1 in:497microseconds
microseconds
Received message count is:0 for thread numberReceived message count is:20 for thread number1 in:500microseconds
 in:Received message count is:0 for thread number1 in:478503microseconds
microseconds
Received message count is:0 for thread number2 in:Received message count is:4860microseconds
 for thread numberReceived message count is:10 in:509microseconds
Received message count is: for thread number0 for thread number1 in:512microseconds
Received message count is:0 for thread number1 in:519microseconds
Received message count is:0 for thread number1 in:520microseconds
Received message count is:0 for thread number1 in:521microseconds
Received message count is:0 for thread number1 in:521microseconds
Received message count is:0 for thread number1 in:522microseconds
Received message count is:0 for thread number1 in:522microseconds
Received message count is:0 for thread number1 in:523microseconds
Received message count is:0 for thread number12 in: in:489microseconds
Received message count is:0 for thread number2 in:524504microseconds
microseconds
Received message count is:0 for thread number1 in:528microseconds
Received message count is:0 for thread number1 in:529Received message count is:microseconds
0 for thread number2 in:507microseconds
Received message count is:0 for thread number2 in:Received message count is:509microseconds
Received message count is:0 for thread number2 in:510microseconds
0 for thread number1 in:Received message count is:5320 for thread number2 in:511microseconds
microseconds
Received message count is:0 for thread number1 in:538microseconds
Received message count is:0 for thread number1 in:539microseconds
Received message count is:Received message count is:0 for thread number2 in:518microseconds
Received message count is:00 for thread number2 in:519microseconds
Received message count is:0 for thread number for thread number1 in:540microseconds
Received message count is:0 for thread number1 in:5452microseconds
 in:Received message count is:0 for thread number1521 in:microseconds
549microseconds
Received message count is:0 for thread numberReceived message count is:10 for thread number2 in:530 in:microseconds
551microseconds
Received message count is:0Received message count is: for thread number2 in:534microseconds
Received message count is:0 for thread number2 in:0536 for thread number1 in:556microseconds
microseconds
Received message count is:0 for thread numberReceived message count is:10 for thread number2 in:540 in:microseconds
561Received message count is:microseconds
0 for thread number2 in:544microseconds
Received message count is:0 for thread number2 in:545microseconds
Received message count is:0Received message count is: for thread number1 in:567microseconds
0 for thread number2Received message count is: in:0 for thread number1 in:571microseconds
Received message count is:0Received message count is:545microseconds
Received message count is:0 for thread number2 in:551microseconds
Received message count is:0 for thread number0 for thread number02 in:552microseconds
Received message count is:0 for thread number2 in:554microseconds
 in:Received message count is:5900 for thread number2 in:555microseconds
Received message count is: for thread numbermicroseconds
01Received message count is: in:0 for thread number0 for thread number2 in:558microseconds
 in:573598microseconds
Received message count is:microseconds
0 for thread number2 in:560microseconds
Received message count is:0Received message count is:Received message count is: for thread number02 in:563microseconds
Received message count is:0 for thread number20 in: for thread number566microseconds
Received message count is:10 in:584microseconds
Received message count is: for thread number02 for thread number1 in: in:592microseconds
Received message count is:0569 for thread number1 in:595microseconds
microseconds
Received message count is:Received message count is:0 for thread number2 in:576microseconds
Received message count is:0 for thread number2 in:0578microseconds
Received message count is:0 for thread number2 in:580microseconds
Received message count is:0 for thread number2 in:581microseconds
Received message count is:0 for thread number for thread number21 in:598microseconds
Received message count is:0 for thread number1 in:604 in:microseconds
Received message count is:0 for thread number1 in:606microseconds
Received message count is:5810 for thread number1 in:607microseconds
microseconds
Received message count is:0 for thread numberReceived message count is:0 for thread number2 in:587microseconds
Received message count is:0 for thread number2 in:592microseconds
Received message count is:0 for thread number2 in:592microseconds
Received message count is:0 for thread number2 in:593microseconds
Received message count is:0 for thread number2 in:594microseconds
Received message count is:0 for thread number2 in:595microseconds
Received message count is:0 for thread number2 in:595microseconds
Received message count is:0 for thread number2 in:596microseconds
Received message count is:0 for thread number2 in:597microseconds
Received message count is:0 for thread number2 in:598microseconds
Received message count is:0 for thread number2 in:598microseconds
Received message count is:0 for thread number2 in:599microseconds
Received message count is:0 for thread number2 for thread number in:0 in:603microseconds
600microseconds
Received message count is:0 for thread numberReceived message count is:00 for thread number2 in: in:603microseconds
641microseconds
Received message count is:0 for thread numberReceived message count is:2 in:607microseconds
Received message count is:0 for thread number2 in:609microseconds
0 for thread number0 in:Received message count is:646microseconds
Received message count is:0 for thread number0 in:651microseconds
0 for thread number2Received message count is: in:0 for thread number0 in:651microseconds
Received message count is:0 for thread number6100 in:654microseconds
Received message count is:0 for thread numbermicroseconds
0 in:656microseconds
Received message count is:Received message count is:0 for thread number0 in:658microseconds
0 for thread numberReceived message count is:0 for thread number20 in:617microseconds
 in:658microseconds
Received message count is:0 for thread numberReceived message count is:20 for thread number in:0 in:663microseconds
Received message count is:0 for thread number6230microseconds
 in:665Received message count is:microseconds
Received message count is:0 for thread number0 in:668microseconds
0 for thread number2Received message count is: in:6280microseconds
 for thread number0 in:Received message count is:6690microseconds
 for thread numberReceived message count is:0 for thread number0 in:676microseconds
Received message count is:02 in: for thread number6360microseconds
 in:677Received message count is:microseconds
0 for thread number2 in:Received message count is:6410 for thread number0 in:681microseconds
microseconds
Received message count is:0 for thread number2 in:644microseconds
Received message count is:0 for thread number2 in:Received message count is:645microseconds
0Received message count is:0 for thread number2 in:648microseconds
Received message count is:0 for thread number2 in:649 for thread numbermicroseconds
0 in:684microseconds
Received message count is:0 for thread numberReceived message count is:0 in:693microseconds
Received message count is:0 for thread number0 in:694microseconds
0 for thread numberReceived message count is:20 in:654microseconds
 for thread number0Received message count is: in:694microseconds
Received message count is:0 for thread number0 in:0698 for thread number2 in:657microseconds
Received message count is:0 for thread number2microseconds
 in:Received message count is:0 for thread number0 in:661701microseconds
Received message count is:0microseconds
 for thread numberReceived message count is:0 for thread number2 in:665microseconds
Received message count is:00 in: for thread number704microseconds
Received message count is:02 for thread number in:666microseconds
Received message count is:0 for thread number2 in:0671 in:708microseconds
Received message count is:microseconds
0 for thread numberReceived message count is:0 in:0713microseconds
Received message count is:0 for thread number for thread number2 in:0674 in:microseconds
Received message count is:0 for thread number2 in:680microseconds
716microseconds
Received message count is:0 for thread numberReceived message count is:20 for thread number0 in:720microseconds
 in:681Received message count is:microseconds
0 for thread number0 in:723microseconds
Received message count is:0 for thread number0 in:730microseconds
Received message count is:0 for thread number0 in:732microseconds
Received message count is:0 for thread number0 in:733microseconds
Received message count is:Received message count is:10 for thread number2 in:686microseconds
 in:Received message count is:0 for thread number2 in:699microseconds
Received message count is:0 for thread number2 in:609microseconds
0699microseconds
Received message count is:0 for thread numberReceived message count is:2 in:701microseconds
Received message count is:0 for thread number for thread number02 in: in:703microseconds
0735Received message count is: for thread number1microseconds
 in:724microseconds
Received message count is:0 for thread numberReceived message count is:00 for thread number in:2 in:706747microseconds
0microseconds
Received message count is:0 for thread numberReceived message count is: for thread number00 in:1751 for thread number in:2 in:712microseconds
microseconds
Received message count is:0 for thread number2 in:720microseconds
730Received message count is:Received message count is:microseconds
0Received message count is:0 for thread number00 for thread number2 in: in: for thread number760microseconds
721microseconds
Received message count is:0 for thread number2 in:726microseconds
Received message count is:0 for thread number12 in:727microseconds
Received message count is:Received message count is: in:00 for thread number2 in: for thread number7280 in:766microseconds
Received message count is:microseconds
Received message count is:0744microseconds
Received message count is:00 for thread number2 for thread number for thread number in:733microseconds
Received message count is:10 in: for thread number02 in:736microseconds
Received message count is:0 for thread number2 in:739756microseconds
 in:microseconds
Received message count is:0 for thread numberReceived message count is:7710 for thread number1 in:764microseconds
2microseconds
Received message count is:0 for thread number1 in:768microseconds
Received message count is:0 for thread number in:Received message count is:741microseconds
Received message count is:0 for thread number2 in:749microseconds
Received message count is:0 for thread number02 in: in:750microseconds
Received message count is:0 for thread number2 in:754786microseconds
0Received message count is:microseconds
0Received message count is:0 for thread number2 in:756microseconds
 for thread numberReceived message count is:10 for thread number2 in: for thread number769 in:0microseconds
 in:795microseconds
Received message count is:0Received message count is: for thread number757microseconds
Received message count is:0 for thread number2 in:764microseconds
Received message count is:00 for thread number2 in:765microseconds
Received message count is:0 for thread number2 in:765microseconds
 for thread numberReceived message count is:0 for thread number2 in:766microseconds
Received message count is:0 for thread number20 in:802microseconds
1Received message count is: in:0 for thread number in:0785 in:808microseconds
Received message count is:767microseconds
0microseconds
 for thread number0 in:Received message count is:Received message count is:0 for thread number0 for thread number2 in:773microseconds
Received message count is:0 for thread number2 in:8117761microseconds
microseconds
 in:Received message count is:Received message count is:797microseconds
0 for thread number2 in:779microseconds
Received message count is:Received message count is:00 for thread number2 in:783microseconds
Received message count is:00 for thread number2 in:786 for thread numbermicroseconds
 for thread number1 in:804Received message count is:0 for thread number2 in:microseconds
7890Received message count is:0microseconds
 for thread numberReceived message count is: in:0 for thread number2 in:794microseconds
Received message count is:10 for thread number2818 in:815microseconds
 in:microseconds
796microseconds
Received message count is:0Received message count is: for thread number2 in:800microseconds
Received message count is:0 for thread number0 in:840microseconds
Received message count is:0 for thread number0 in:846microseconds
Received message count is:0 for thread number0 in:848microseconds
Received message count is:0 for thread number0 in:8490microseconds
 for thread numberReceived message count is:10 in:821 for thread number0microseconds
 in:Received message count is:Received message count is:853microseconds
0Received message count is: for thread number0 for thread number0 in:1 in:840microseconds
0859 for thread number2 in:802microseconds
Received message count is:Received message count is:0 for thread numbermicroseconds
0Received message count is:00 in: for thread number for thread number1 in:8648452 in:826microseconds
Received message count is:0 for thread number2 in:829microseconds
Received message count is:microseconds
0 for thread number2microseconds
 in:830microseconds
Received message count is:0Received message count is:Received message count is:0 for thread number1 for thread number in:2 in:0855microseconds
832Received message count is:microseconds
Received message count is:0 for thread number for thread number02 in:837microseconds
Received message count is:0 for thread number2 in: for thread number840microseconds
0Received message count is:1 in:858microseconds
 in:871microseconds
Received message count is:0Received message count is: for thread number00 for thread number0 in:882microseconds
 for thread number2 in:Received message count is:842microseconds
01 for thread number in:0865microseconds
Received message count is: in:0885 for thread numberReceived message count is:0 for thread number2 in:microseconds
847microseconds
Received message count is:0 for thread number2 in:852microseconds
Received message count is:01Received message count is:0 for thread number in:0 for thread number2 in: in:852871892microseconds
microseconds
Received message count is:0 for thread number2 in:857microseconds
Received message count is:Received message count is:0 for thread number2 in:859microseconds
Received message count is:0 for thread number2 in:microseconds
8600microseconds
Received message count is:Received message count is:0 for thread number2 in:863 for thread numbermicroseconds
00 in:896 for thread numberReceived message count is:microseconds
1 in:884Received message count is:microseconds
0 for thread number0 for thread number2 in:866Received message count is:microseconds
Received message count is:000 for thread number1 in:891 in: for thread numbermicroseconds
2 in:872microseconds
Received message count is:0 for thread number906Received message count is:0 for thread number1 in:microseconds
898Received message count is:0 for thread number0 in:2microseconds
 in:876microseconds
916Received message count is:0 for thread number2 in:880microseconds
Received message count is:microseconds
Received message count is:Received message count is:0 for thread number2 in:881microseconds
0Received message count is:0 for thread number2 in:883microseconds
0 for thread numberReceived message count is:1 for thread number0 in:902microseconds
Received message count is:00 for thread number2 in:884 in:microseconds
920microseconds
Received message count is:0 for thread number2 in:892microseconds
Received message count is:0 for thread number for thread number2Received message count is:0 for thread number01 in: in:932microseconds
 in:Received message count is:0 for thread number0909 in:933892microseconds
Received message count is:microseconds
microseconds
Received message count is:00 for thread number1 in:919Received message count is:microseconds
 for thread number02 in:896microseconds
Received message count is: for thread numberReceived message count is:00 in:9370microseconds
 for thread number1 in: for thread number2 in:900microseconds
920Received message count is:0Received message count is: for thread number0 in:microseconds
941microseconds
Received message count is:Received message count is:0 for thread number2 in:902microseconds
0Received message count is:0 for thread number2 in:905microseconds
Received message count is:0 for thread number2 in:906microseconds
Received message count is:0 for thread number2 in:911microseconds
Received message count is:0 for thread number2 in:912microseconds
Received message count is:0 for thread number2 in:912microseconds
Received message count is:0 for thread number2 in:913microseconds
Received message count is:0 for thread number2 in:914microseconds
Received message count is:0 for thread number2 in:915microseconds
Received message count is:0 for thread number2 in:915microseconds
Received message count is:0 for thread number2 in:916microseconds
Received message count is:0 for thread number2 in:917microseconds
Received message count is:0 for thread number2 in:917microseconds
Received message count is:0 for thread number2 in:918microseconds
Received message count is:0 for thread number2 in:919microseconds
Received message count is:0 for thread number2 in:921microseconds
Received message count is:0 for thread number2 in:921microseconds
Received message count is:0 for thread number2 in:922microseconds
Received message count is:0 for thread number2 in:923microseconds
Received message count is:0 for thread number2 in:924microseconds
Received message count is:0 for thread number2 in:924microseconds
Received message count is:0 for thread number2 in:925microseconds
Received message count is:0 for thread number2 in:926microseconds
Received message count is:0 for thread number2 in:926microseconds
Received message count is:0 for thread number2 in:927microseconds
Received message count is:0 for thread number2 in:928microseconds
Received message count is:0 for thread number2 in:929microseconds
Received message count is:0 for thread number2 in:929microseconds
Received message count is:0 for thread number2 in:930microseconds
Received message count is:0 for thread number2 in:931microseconds
Received message count is:0 for thread number2 in:932microseconds
Received message count is:0 for thread number2 in:933microseconds
Received message count is:0 for thread number2 in:934microseconds
Received message count is:0 for thread number2 in:935microseconds
Received message count is:0 for thread number2 in:936microseconds
Received message count is:0 for thread number2 in:937microseconds
Received message count is:0 for thread number2 in:937microseconds
Received message count is:0 for thread number2 in:938microseconds
Received message count is:0 for thread number2 in:939microseconds
Received message count is:0 for thread number2 in:939microseconds
Received message count is:0 for thread number2 in:940microseconds
Received message count is:0 for thread number2 in:941microseconds
Received message count is:0 for thread number2 in:942microseconds
Received message count is:0 for thread number2 in:942microseconds
Received message count is:0 for thread number2 in:943microseconds
Received message count is:0 for thread number2 in:944microseconds
Received message count is:0 for thread number2 in:945microseconds
Received message count is:0 for thread number2 in:945microseconds
Received message count is:0 for thread number2 in:946microseconds
Received message count is:0 for thread number2 in:947microseconds
Received message count is:0 for thread number2 in:948microseconds
Received message count is:0 for thread number2 in:0948microseconds
Received message count is:0 for thread number2 in:951microseconds
Received message count is:0 for thread number2 in: for thread number952microseconds
Received message count is:0 for thread number2 in:955microseconds
Received message count is:10 in: for thread number2 in:956microseconds
Received message count is:0 for thread number2 for thread number in:9250958microseconds
Received message count is: in:0microseconds
 for thread number2942 in:Received message count is:microseconds
0 for thread number1961 in:986microseconds
Received message count is:0Received message count is: for thread number00 for thread number in:11006microseconds
Received message count is:0 for thread number2 in:968microseconds
Received message count is:0 for thread number in:2microseconds
 in:989microseconds
Received message count is:Received message count is:0 for thread number0 in:1009microseconds
Received message count is:0 for thread number0 in:1015microseconds
Received message count is:0 for thread number0 in:1017microseconds
Received message count is:0 for thread number00 for thread number1 in: in:1018microseconds
992968microseconds
Received message count is:microseconds
Received message count is:0 for thread number2 in:0989 for thread numbermicroseconds
Received message count is:Received message count is:0 for thread number2 in:00 for thread number1 in:991 in:microseconds
1024microseconds
1012Received message count is:0 for thread number0microseconds
Received message count is: in:Received message count is:10350 for thread number2 in:996microseconds
Received message count is:0 for thread numbermicroseconds
20 in:999microseconds
 for thread numberReceived message count is:0 for thread number2 in:1002microseconds
Received message count is:0 for thread numberReceived message count is:20 in:1003microseconds
Received message count is:0 for thread number21 in: in: for thread number100610200microseconds
 in:1041microseconds
microseconds
Received message count is:0 for thread number0 in:1049Received message count is:0 for thread number2 in:1011microseconds
Received message count is:0 for thread numberReceived message count is:2microseconds
0 for thread number1 in: in:10321012microseconds
Received message count is:0 for thread number2 in:Received message count is:microseconds
Received message count is:00 for thread number1016 for thread numbermicroseconds
Received message count is:0 for thread number2 in:10200 in:10541microseconds
Received message count is:0 for thread number2 in:1022microseconds
Received message count is:0 for thread number in:2microseconds
1039microseconds
 in:1022microseconds
Received message count is:0 for thread number0 in:Received message count is:0 for thread number2 in:1026microseconds
Received message count is:10640 for thread numberReceived message count is:microseconds
Received message count is:20 in:1027microseconds
 for thread numberReceived message count is:00 in:0 for thread number10682microseconds
 in:1031microseconds
Received message count is:0 for thread number2 for thread number in:Received message count is:1 in:10361047microseconds
0Received message count is:0 for thread number2 in:1041microseconds
Received message count is:0 for thread number2 in:1042microseconds
microseconds
 for thread numberReceived message count is:0 in:Received message count is:10760microseconds
 for thread numberReceived message count is:0 for thread number2 in:1044microseconds
1 in:1067microseconds
0Received message count is:Received message count is: for thread number00 for thread number1 in: in:1085microseconds
0Received message count is: for thread number2 in:1048microseconds
10700Received message count is: for thread numbermicroseconds
00Received message count is: for thread number2 in:1053microseconds
 in:Received message count is:00 for thread number2 in:1056 for thread numbermicroseconds
Received message count is:10901 in:1076microseconds
0microseconds
 for thread number2 in:1060microseconds
Received message count is:Received message count is:Received message count is:00 for thread number for thread number1 in:0 for thread number2 in:1063microseconds
1083Received message count is:0 for thread number2 in:1066microseconds
Received message count is:0 for thread number20microseconds
 in: in:1102microseconds
Received message count is:Received message count is:1067microseconds
0 for thread numberReceived message count is:0 for thread number2 in:1070microseconds
Received message count is:0 for thread number2 in:010710microseconds
Received message count is:0 for thread number2 in:1074microseconds
 in: for thread numberReceived message count is:0 for thread number11081 in:1091microseconds
2Received message count is: in:1076microseconds
microseconds
Received message count is:0 for thread number2 in:0Received message count is:0 for thread number01079microseconds
 in:Received message count is: for thread number011201 in:1100microseconds
microseconds
Received message count is:0 for thread number1 in:1109microseconds
Received message count is:0 for thread number1 in:1115microseconds
Received message count is:0 for thread number1 in:1117microseconds
 for thread numberReceived message count is:0 for thread number1 in:1119microseconds
Received message count is:0 for thread number12 in: in:1120microseconds
1083microseconds
Received message count is:Received message count is:0 for thread number2 in:1102microseconds
Received message count is:0 for thread number02 for thread number in:1103microseconds
Received message count is:0 for thread number2 in:Received message count is:11061microseconds
Received message count is:0 in:1123microseconds
Received message count is:00 for thread number2 in:1109microseconds
Received message count is:0 for thread number for thread number2 in:11131 in:1132microseconds
 for thread numberReceived message count is:microseconds
0 for thread numberReceived message count is:00 for thread number2 in:1116microseconds
Received message count is:10 for thread number in:2 in:11181126microseconds
microseconds
 in:Received message count is:Received message count is:11380 for thread number0 in:01162 for thread numbermicroseconds
2 in:1122microseconds
Received message count is:0 for thread numbermicroseconds
Received message count is:0 for thread number0 in:Received message count is:0 for thread number21 in:1127microseconds
 in:Received message count is:011661150microseconds
 for thread numberReceived message count is:2 in:1130microseconds
microseconds
0Received message count is: for thread number0Received message count is: for thread number2 in:1134microseconds
Received message count is:0 for thread number2 in:01137 for thread numbermicroseconds
Received message count is:0 for thread number2 in:10 in:1175microseconds
1141Received message count is: in:0 for thread number0 in:microseconds
11821155microseconds
microseconds
Received message count is:Received message count is:0 for thread number0 for thread number1 in:Received message count is:21166 in:1144microseconds
Received message count is:0 for thread number2 in:01149microseconds
microseconds
 for thread numberReceived message count is:00 for thread number2 in:1151microseconds
Received message count is: in:1183microseconds
Received message count is:0Received message count is:0 for thread number for thread number10 in: for thread number1175microseconds
2 in:Received message count is:1154microseconds
Received message count is:0 for thread number2 in:1158microseconds
Received message count is:000 in:1194 for thread numbermicroseconds
2 for thread number in:1159microseconds
Received message count is:0 for thread number2 in:11164microseconds
Received message count is:0 for thread number2 in:1165microseconds
Received message count is:Received message count is: in:1179microseconds
0Received message count is: for thread number2 in:1166microseconds
0Received message count is:0 for thread number2 in:1169microseconds
Received message count is:0 for thread number0 for thread number0 in:1202microseconds
 for thread number1 in:1189microseconds
2Received message count is: in:1169microseconds
Received message count is:Received message count is:00 for thread number for thread number02 in:1173microseconds
Received message count is:00 in: for thread number for thread number12111microseconds
 in:1194microseconds
Received message count is:0Received message count is: for thread number2 in:1178microseconds
Received message count is:000 for thread number1 in: for thread number12022 in:1182microseconds
 in:Received message count is:0 for thread number2 in:1186microseconds
1219microseconds
microseconds
Received message count is:Received message count is:0Received message count is:0 for thread number10 in: for thread number2 in:1212 for thread number1189microseconds
microseconds
Received message count is:00 for thread number2 in:Received message count is:0 for thread number in:11941228microseconds
Received message count is:0 for thread number2microseconds
 in:11198Received message count is:microseconds
0Received message count is:0 for thread number2 in:1201microseconds
Received message count is:0 for thread number2 in:1207microseconds
Received message count is:0 for thread number2 in:1209microseconds
Received message count is:0 for thread number2 in:1210microseconds
Received message count is:0 for thread number2 in:1211microseconds
Received message count is:0 for thread number in:2 in:1212microseconds
Received message count is:0 for thread number2 in:1214microseconds
1217Received message count is:microseconds
0Received message count is:0 for thread number for thread number2 for thread number1 in:1238microseconds
Received message count is:0 in:0 in:12391215microseconds
Received message count is: for thread number0microseconds
 for thread number2 in:1222microseconds
Received message count is:0 for thread number12Received message count is:0 for thread number in: in:1225microseconds
Received message count is:0 for thread number2 in:1227microseconds
0Received message count is:0 for thread number2 in:1228microseconds
1241Received message count is:microseconds
Received message count is:0 for thread number2 in:1229microseconds
Received message count is:0 for thread number2 in:1232microseconds
Received message count is:00 for thread number2 in: for thread number1 in: in:12641234microseconds
Received message count is:0 for thread numbermicroseconds
2 in:12381253Received message count is:0microseconds
Received message count is:0microseconds
Received message count is: for thread number0 in:1279microseconds
Received message count is:0 for thread number0 in:1284microseconds
0Received message count is: for thread number0 for thread number0 in:12852microseconds
 in:Received message count is:1242microseconds
Received message count is:0 for thread number2 in:1251microseconds
Received message count is: for thread number0 for thread number0 in:1290microseconds
10Received message count is: for thread number2 in:1252microseconds
 in:Received message count is:0 for thread number2 in:1255microseconds
Received message count is:0 for thread number12632microseconds
 in:1256Received message count is:microseconds
0Received message count is:0 for thread number2 in:1262microseconds
0 for thread numberReceived message count is:1 for thread number00 in: for thread number2 in:1263microseconds
 in:1292Received message count is:microseconds
1281microseconds
0Received message count is: for thread number2 in:1266microseconds
Received message count is:00 for thread numberReceived message count is: for thread number1 in:21289 in:1269microseconds
Received message count is:microseconds
0 for thread number0Received message count is:02 for thread number in:1273microseconds
 for thread numberReceived message count is:01 in:1306microseconds
0 in: for thread number2 in:1276microseconds
Received message count is:Received message count is:0 for thread number2 in:1281microseconds
Received message count is:0 for thread number2 in:1281microseconds
1296Received message count is:0 for thread number2 in:1282microseconds
Received message count is:0 for thread number2 in:microseconds
1283microseconds
Received message count is:0 for thread number2 in:1284microseconds
Received message count is:0Received message count is:0 for thread number1 for thread number0 for thread number2 in:1284 in:microseconds
1307Received message count is:0 for thread number2 in:1289microseconds
Received message count is:microseconds
Received message count is:0 for thread number2 in:01291 in:microseconds
Received message count is:01318microseconds
Received message count is: for thread number00 for thread number0 in:13351microseconds
 in:1313microseconds
 for thread number2 in:1295microseconds
Received message count is:Received message count is:Received message count is:00 for thread number2 in:1299microseconds
0Received message count is: for thread number for thread number1 in:1321microseconds
Received message count is:0 for thread number1 in:1327microseconds
Received message count is:0 for thread number1 in:1328microseconds
Received message count is:00 for thread number in:1 in:1330microseconds
Received message count is:13360 for thread numbermicroseconds
Received message count is:0 for thread number0 in:1355microseconds
Received message count is:0 for thread number01 in:1331microseconds
Received message count is:0 for thread number1 in: in:1344microseconds
Received message count is:01357 for thread numbermicroseconds
1 in:1345Received message count is:0 for thread numbermicroseconds
0Received message count is:0 in:13630microseconds
Received message count is: for thread number0 for thread number2 in:1302microseconds
 for thread numberReceived message count is:0 for thread number2 in:11334 in:microseconds
Received message count is:01350microseconds
Received message count is: in:01370microseconds
Received message count is:0 for thread number1 in:1360microseconds
 for thread number2 in:1337microseconds
Received message count is:0 for thread number2 in:Received message count is:0 for thread number10 in:13411364microseconds
microseconds
 for thread number0Received message count is:0 for thread number2 in:1344microseconds
 in:Received message count is:0 for thread number2 in:1345microseconds
Received message count is:0 for thread number2 in:Received message count is:134613780 for thread numbermicroseconds
1Received message count is:0 for thread number2 in:1349microseconds
Received message count is:0 for thread number2 in:1350microseconds
 in:microseconds
Received message count is:1366microseconds
Received message count is:0Received message count is:0 for thread number2 in:1352microseconds
Received message count is:0 for thread number2 for thread number in:01355microseconds
Received message count is:0 for thread number20 in: in: for thread number11392 in:microseconds
1376microseconds
Received message count is:Received message count is:1358microseconds
Received message count is:0 for thread number2 in:1361microseconds
0Received message count is:0 for thread number2 in:1361microseconds
Received message count is:0 for thread number0 for thread number0 in:21399 in:1362microseconds
Received message count is:microseconds
0 for thread numberReceived message count is:01 in:1382microseconds
 for thread numberReceived message count is:2 in:1365microseconds
 for thread number0Received message count is: for thread number1 in:01391microseconds
0 for thread number2 in: in:1370microseconds
Received message count is:0 for thread number2 in:1373microseconds
Received message count is:01406microseconds
Received message count is:Received message count is: for thread number00 for thread number2 in:1373microseconds
Received message count is:0 for thread number for thread number02 in:1377microseconds
Received message count is:0 for thread number12 in: in: in:138113941413microseconds
microseconds
Received message count is:microseconds
0Received message count is:0Received message count is: for thread number for thread number1 in:01405microseconds
0 for thread number2 in:1384 in:Received message count is:microseconds
1423Received message count is:0 for thread number2 in:1390microseconds
0microseconds
Received message count is:0 for thread number2 in:1391microseconds
Received message count is:Received message count is:0 for thread number2 in:1392microseconds
Received message count is:0 for thread number for thread number20 in:13931microseconds
 for thread numberReceived message count is:0 in:1431microseconds
 in:0 for thread number2 in:1409microseconds
Received message count is:Received message count is:0 for thread number1 in:1421microseconds
0 for thread number0 in:1437microseconds
1396Received message count is:microseconds
Received message count is:Received message count is:00 for thread number2 in:1403microseconds
Received message count is:0 for thread number20 in:1406 for thread numbermicroseconds
0Received message count is:0 for thread number2 in:1408microseconds
Received message count is:0 for thread number2 for thread number in: in:1409microseconds
Received message count is:0 for thread number211440microseconds
Received message count is: in:0 in: for thread number1423microseconds
0 in:Received message count is:1411microseconds
Received message count is:0 for thread number2 in:1415microseconds
Received message count is:0 for thread number2 in:1423microseconds
Received message count is:0 for thread number2 in:1424microseconds
Received message count is:0 for thread number2 in:1425microseconds
Received message count is:0 for thread number2 in:1425microseconds
Received message count is:0 for thread number2 in:1426microseconds
Received message count is:0 for thread number2 in:1426microseconds
Received message count is:0 for thread number2 in:1427microseconds
Received message count is:00 for thread number2 in:1428microseconds
Received message count is:0 for thread number2 in:1431microseconds
Received message count is:0 for thread number2 in:1432microseconds
Received message count is:0 for thread number2 in:1432microseconds
 for thread number1 in:1437microseconds
Received message count is:0 for thread number1 in:1466microseconds
Received message count is:0 for thread number1 in:1467microseconds
Received message count is:0 for thread number1 in:1468microseconds
Received message count is:0 for thread number1 in:1468microseconds
Received message count is:Received message count is:0 for thread number1 in:1469microseconds
Received message count is:0 for thread number1 in:14700 for thread numbermicroseconds
2 in:1435microseconds
Received message count is:Received message count is:00 for thread number for thread number1 in:14732 in:microseconds
1451microseconds
Received message count is:0 for thread number2Received message count is: in:01456 for thread numbermicroseconds
1 in:1478Received message count is:microseconds
0 for thread number2Received message count is: in:0 for thread number1 in:1480microseconds
1458microseconds
Received message count is:0Received message count is: for thread number0 for thread number12 in:1460microseconds
Received message count is: in:0 for thread number14822microseconds
 in:Received message count is:0 for thread number1 in:1462microseconds
1486microseconds
Received message count is:0Received message count is: for thread number0 for thread number1 in:1488microseconds
2Received message count is:0 for thread number1 in: in:1465microseconds
Received message count is:0 for thread number14912microseconds
 in:1470microseconds
Received message count is:Received message count is:0 for thread number2 in:0 for thread number14731 in:1494microseconds
Received message count is:microseconds
0 for thread number1Received message count is: in:01497 for thread numbermicroseconds
2 in:1475microseconds
Received message count is:Received message count is:0 for thread number2 in:1479microseconds
0Received message count is:0 for thread number2 for thread number in:1483microseconds
Received message count is:0 for thread number2 in:1485microseconds
Received message count is:10 in: for thread number1501microseconds
Received message count is:0 for thread number21 in:1508microseconds
 in:1485microseconds
Received message count is:Received message count is:0 for thread number2 in:1491microseconds
Received message count is:00 for thread number2 in:1491microseconds
Received message count is:0 for thread number2 for thread number in:1 in:1511microseconds
1492microseconds
Received message count is:Received message count is:00 for thread number1 in:1518microseconds
Received message count is: for thread number02 in: for thread number1 in:1519microseconds
Received message count is:0 for thread number14961 in:1525microseconds
Received message count is:0 for thread number1 in:1526microseconds
microseconds
Received message count is:0 for thread number1Received message count is: in:0 for thread number2 in:1505microseconds
1527Received message count is:microseconds
Received message count is:0 for thread number1 in:01531 for thread numbermicroseconds
2Received message count is: in:01507microseconds
Received message count is:0 for thread number for thread number12 in:1512microseconds
 in:Received message count is:15330 for thread number2 in:1514microseconds
microseconds
Received message count is:0Received message count is: for thread number2 in:1517microseconds
0 for thread numberReceived message count is:10 for thread number2 in:1520microseconds
1452microseconds
Received message count is:0 for thread number0 in:1566microseconds
Received message count is:0 for thread number0 in:1566microseconds
Received message count is:0 for thread number0 in:1567microseconds
Received message count is:0 for thread numberReceived message count is:00 for thread number2 in:1529microseconds
Received message count is:0 for thread number in:21568microseconds
 in:Received message count is:0 for thread number0 in:1572microseconds
Received message count is:0 for thread number0 in:15311573microseconds
microseconds
Received message count is:0 for thread number0 in:1575microseconds
Received message count is:0 for thread numberReceived message count is:0 in:1575microseconds
Received message count is:0 for thread number0 in:1577microseconds
Received message count is:00 for thread number2 in:1536microseconds
Received message count is:0 for thread number2 in:1540microseconds
 for thread numberReceived message count is:00 for thread number2 in:1540microseconds
Received message count is:0 for thread number in:21578microseconds
Received message count is:0 for thread number0 in:1583microseconds
 in:Received message count is:15420 for thread number0 in:1584microseconds
microseconds
Received message count is:0 for thread number2 in:Received message count is:1548microseconds
0Received message count is:0 for thread number2 in:1550microseconds
Received message count is:0 for thread number for thread number2 in:1550microseconds
Received message count is:0 for thread number2 in:1552microseconds
0 in:Received message count is:15870 for thread numbermicroseconds
2Received message count is:0 for thread number0 in:1595microseconds
Received message count is: in:01553microseconds
Received message count is: for thread number0 for thread number2 in:1559microseconds
0 in:1596Received message count is:microseconds
0 for thread number2 in:1561microseconds
Received message count is:0Received message count is:0 for thread number for thread number0 in:1602microseconds
Received message count is:0 for thread number0 in:21605microseconds
Received message count is: in:01563microseconds
Received message count is:0 for thread number2 in: for thread number01570 in:1607microseconds
Received message count is:0 for thread number0 in:microseconds
1612Received message count is:0 for thread number2 in:1574microseconds
Received message count is:0 for thread numbermicroseconds
2Received message count is:0 for thread number0 in:1614microseconds
Received message count is: in:01574 for thread number0 in:1615microseconds
Received message count is:0 for thread numbermicroseconds
0Received message count is:0 for thread number2 in:1578microseconds
Received message count is: in:16170microseconds
 for thread number2 in:1579microseconds
Received message count is:0Received message count is: for thread number0 in:1622microseconds
0 for thread number2 in:Received message count is:15830 for thread number0 in:1625microseconds
microseconds
Received message count is:0 for thread number0 in:Received message count is:01627 for thread number2 in:1588microseconds
Received message count is:0 for thread number2 in:1592microseconds
microseconds
Received message count is:0 for thread number2 in:1593Received message count is:microseconds
Received message count is:0 for thread number2 in:1596microseconds
Received message count is:0 for thread number02 in:1597microseconds
Received message count is:0 for thread number2 in:1599 for thread numbermicroseconds
Received message count is:0 for thread number2 in:1601microseconds
Received message count is:0 for thread number20 in: in:1632microseconds
Received message count is:0 for thread number16020 in:1643microseconds
Received message count is:0 for thread number0 in:1644microseconds
microseconds
Received message count is:Received message count is:00 for thread number0 in: for thread number1645microseconds
Received message count is:0 for thread number0 in:1647microseconds
Received message count is:20 for thread number0 in:1648microseconds
Received message count is:0 for thread number in:01606microseconds
Received message count is:0 for thread number2 in:1611microseconds
Received message count is:0 for thread number2 in:1622microseconds
Received message count is:0 for thread number2 in:1623microseconds
Received message count is:0 for thread number2 in:1624microseconds
Received message count is:0 for thread number2 in:1625microseconds
 in:Received message count is:0 for thread number2 in:1626microseconds
Received message count is:0 for thread number2 in:1629microseconds
Received message count is:0 for thread number2 in:1629microseconds
Received message count is:0 for thread number2 in:1630microseconds
1649Received message count is:microseconds
0 for thread number2 in:1631microseconds
Received message count is:0Received message count is: for thread number0 for thread number2 in:1633microseconds
Received message count is:0 for thread number20 in: in:1635microseconds
Received message count is:0 for thread number2 in:1636microseconds
Received message count is:16710microseconds
 for thread numberReceived message count is:0 for thread number02 in: in:16361677microseconds
Received message count is:0 for thread numbermicroseconds
0 in:1681microseconds
Received message count is:Received message count is:00 for thread number for thread number2 in:1644microseconds
Received message count is:0 for thread number2 in:01646 in:microseconds
1683microseconds
Received message count is:0 for thread numberReceived message count is:00 in: for thread number16872 in:1648microseconds
microseconds
Received message count is:Received message count is:0 for thread number0 in:1691microseconds
0Received message count is: for thread number0 for thread number0 in:16922microseconds
 in:1651microseconds
Received message count is:0 for thread number2 in:1657microseconds
Received message count is:0 for thread number2 in:Received message count is:16570 for thread number0 in:1697microseconds
microseconds
Received message count is:0 for thread number0 in:1699Received message count is:microseconds
0 for thread number2 in:1661microseconds
Received message count is:0 for thread number2 in:1662microseconds
Received message count is:0 for thread number2Received message count is: in:1663microseconds
Received message count is:0 for thread number2 in:1667microseconds
0 for thread numberReceived message count is:00 in: for thread number1702microseconds
2 in:1668microseconds
Received message count is:Received message count is:0 for thread number2 in:0 for thread number16720 in:1710microseconds
microseconds
Received message count is:0 for thread numberReceived message count is:00 in:1714 for thread numbermicroseconds
Received message count is:0 for thread number0 in:1717microseconds
Received message count is:0 for thread number20 in:1675 in:microseconds
1718microseconds
Received message count is:0 for thread number0 in:1721microseconds
Received message count is:0Received message count is: for thread number0 for thread number0 in:1722microseconds
Received message count is:0 for thread number0 in:21724microseconds
Received message count is:0 for thread number0 in:1725microseconds
Received message count is:0 for thread number0 in: in:1725microseconds
Received message count is:0 for thread number0 in:16831727microseconds
Received message count is:0 for thread number0microseconds
 in:Received message count is:0 in:1730microseconds
Received message count is:0 for thread number0 in:1735microseconds
Received message count is:0 for thread number0 in:1736microseconds
Received message count is:0 for thread number0 in:1737microseconds
Received message count is:0 for thread number0 in:1737microseconds
Received message count is:0 for thread number0 in:1738microseconds
Received message count is:0 for thread number0 in:1739microseconds
Received message count is:0 for thread number0 in:1740microseconds
Received message count is:0 for thread number0 in:1741microseconds
Received message count is:0 for thread number0 in:1743microseconds
Received message count is:0 for thread number0 in:1744microseconds
Received message count is:0 for thread number0 in:1745microseconds
Received message count is: for thread number0 for thread number0 in:1747microseconds
2 in:Received message count is:16930 for thread number0microseconds
 in:Received message count is:0 for thread number21758 in:microseconds
1725microseconds
Received message count is:0 for thread number2 in:1727microseconds
Received message count is:0 for thread number2 in:Received message count is:17280microseconds
 for thread number0 in:1767microseconds
Received message count is:0 for thread numberReceived message count is:20 in:1731microseconds
 for thread numberReceived message count is:0 for thread number2 in:1733microseconds
Received message count is:00 for thread number2 in: in:17701734microseconds
Received message count is:0 for thread number0 in:1778microseconds
microseconds
Received message count is:Received message count is:0 for thread number0 for thread number20 in:1740 in:microseconds
1779microseconds
Received message count is:0 for thread numberReceived message count is:0 in:1785microseconds
Received message count is:00 for thread number for thread number02 in: in:17461786microseconds
Received message count is:0 for thread number2 in:1752microseconds
microseconds
Received message count is:0 for thread number2Received message count is: in:0 for thread number0 in:17531792microseconds
microseconds
Received message count is:0Received message count is: for thread number2 in:1756microseconds
Received message count is:0 for thread number2 in:1758microseconds
0Received message count is:0 for thread number for thread number2 in:01759microseconds
Received message count is:0 for thread number2 in:1764microseconds
 in:1795microseconds
Received message count is:0 for thread number0 in:1805microseconds
Received message count is:0 for thread number0 in:1806microseconds
Received message count is:0 for thread number0 in:1808microseconds
Received message count is:0 for thread number0 in:1809microseconds
Received message count is:0 for thread number0 in:1810microseconds
Received message count is:0 for thread number0 in:1812microseconds
Received message count is:0 for thread number0 in:1813microseconds
Received message count is:0 for thread number0 in:1815microseconds
Received message count is:0 for thread number0 in:1816microseconds
Received message count is:0 for thread number0 in:1818microseconds
Received message count is:0 for thread number0 in:1818microseconds
Received message count is:0 for thread number0 in:1819microseconds
Received message count is:0 for thread number0 in:1820microseconds
Received message count is:0 for thread number0 in:1820microseconds
Received message count is:0 for thread number0 in:1821microseconds
Received message count is:0 for thread number0 in:1822microseconds
Received message count is:0 for thread number01539 in:microseconds
1822microseconds
Received message count is:Received message count is:0 for thread number00 in:1828microseconds
 for thread number1 in:1811Received message count is:microseconds
Received message count is:00 for thread number1 in:1817microseconds
Received message count is:0 for thread number1 in:Received message count is: for thread number181900 in:microseconds
1830Received message count is:0 for thread number1 in: for thread numbermicroseconds
Received message count is:182202 for thread number0 in:1841 in:microseconds
microseconds
Received message count is:0 for thread number0 in:1844microseconds
1796microseconds
Received message count is:Received message count is:0 for thread number2 in:1806microseconds
Received message count is:Received message count is:0 for thread number02 for thread number0 for thread number1 in:1827microseconds
Received message count is:00 in:1844microseconds
Received message count is:0 for thread number for thread number1 in:1830microseconds
Received message count is:0 in: for thread number0 in:1848microseconds
18071Received message count is:microseconds
 in:0 for thread number0 in:1851microseconds
1832microseconds
Received message count is:0 for thread number0 in:Received message count is:1854microseconds
Received message count is:Received message count is:00 for thread number1 in:1838microseconds
Received message count is:0 for thread number1 in:1926microseconds
Received message count is:0 for thread number1 in:1928microseconds
Received message count is:0 for thread number1 in:1929microseconds
Received message count is:0 for thread number1 in:1929microseconds
Received message count is:0 for thread number1 in:1930microseconds
Received message count is:0 for thread number1 in:1931microseconds
Received message count is:0 for thread number1 in:1932microseconds
Received message count is:0 for thread number1 in:1933microseconds
Received message count is:0 for thread number1 in:1933microseconds
Received message count is:0 for thread number1 in:1934microseconds
Received message count is:0 for thread number1 in:1935microseconds
Received message count is:0 for thread number1 in:1936microseconds
Received message count is:0 for thread number1 in:1937microseconds
Received message count is:0 for thread number1 in:1938microseconds
Received message count is:0 for thread number1 in:1938microseconds
Received message count is:0 for thread number1 in:1939microseconds
Received message count is:0 for thread number1 in:1940microseconds
Received message count is:0 for thread number1 in:1941microseconds
Received message count is:0 for thread number1 in:1942microseconds
Received message count is:0 for thread number1 in:1942microseconds
Received message count is:0 for thread number1 in:1943microseconds
[...]
Received message count is:347 for thread number2 in:7804microseconds
Received message count is:347 for thread number2 in:7805microseconds
Received message count is:347 for thread number2 in:7805microseconds
Received message count is:347 for thread number2 in:7806microseconds
Received message count is:347 for thread number2 in:7807microseconds
Received message count is:347 for thread number2 in:7807microseconds
Received message count is:347 for thread number2 in:7808microseconds
Received message count is:347 for thread number2 in:7809microseconds
Received message count is:347 for thread number2 in:7809microseconds
Received message count is:347 for thread number2 in:7810microseconds
Received message count is:347 for thread number2 in:7811microseconds
Received message count is:347 for thread number2 in:7811microseconds
Received message count is:347 for thread number2 in:7812microseconds
Received message count is:347 for thread number2 in:7813microseconds
Received message count is:347 for thread number2 in:7813microseconds
Received message count is:347 for thread number2 in:7814microseconds
Received message count is:347 for thread number2 in:7815microseconds
Received message count is:347 for thread number2 in:7816microseconds
Received message count is:347 for thread number2 in:7816microseconds
Received message count is:347 for thread number2 in:7817microseconds
Received message count is:347 for thread number2 in:7818microseconds
Received message count is:347 for thread number2 in:7818microseconds
Received message count is:347 for thread number2 in:7819microseconds
Received message count is:347 for thread number2 in:7820microseconds
Received message count is:347 for thread number2 in:7820microseconds
Received message count is:347 for thread number2 in:7821microseconds
Received message count is:347 for thread number2 in:7822microseconds
Received message count is:347 for thread number2 in:7822microseconds
Received message count is:347 for thread number2 in:7823microseconds
Received message count is:347 for thread number2 in:7824microseconds
Received message count is:347 for thread number2 in:7824microseconds
Received message count is:347 for thread number2 in:7825microseconds
Received message count is:347 for thread number2 in:7826microseconds
Received message count is:347 for thread number2 in:7826microseconds
Received message count is:347 for thread number2 in:7827microseconds
Received message count is:347 for thread number2 in:7828microseconds
Received message count is:347 for thread number2 in:8345microseconds
Received message count is:347 for thread number2 in:8348microseconds
Received message count is:347 for thread number2 in:8349microseconds
Received message count is:347 for thread number2 in:8350microseconds
Received message count is:347 for thread number2 in:8351microseconds
Received message count is:347 for thread number2 in:8353microseconds
Received message count is:347 for thread number2 in:8354microseconds
Received message count is:347 for thread number2 in:8355microseconds
Received message count is:347 for thread number2 in:8356microseconds
Received message count is:347 for thread number2 in:8357microseconds
Received message count is:347 for thread number2 in:8357microseconds
Received message count is:347 for thread number2 in:8358microseconds
Received message count is:347 for thread number2 in:8359microseconds
Received message count is:347 for thread number2 in:8360microseconds
Received message count is:347 for thread number2 in:8361microseconds
Received message count is:347 for thread number2 in:8362microseconds
Received message count is:347 for thread number2 in:8363microseconds
Received message count is:347 for thread number2 in:8364microseconds
Received message count is:347 for thread number2 in:8364microseconds
Received message count is:347 for thread number2 in:8365microseconds
Received message count is:347 for thread number2 in:8366microseconds
Received message count is:347 for thread number2 in:8367microseconds
Received message count is:347 for thread number2 in:8367microseconds
Received message count is:347 for thread number2 in:8375microseconds
Received message count is:347 for thread number2 in:8376microseconds
Received message count is:347 for thread number2 in:8377microseconds
Received message count is:347 for thread number2 in:8377microseconds
Received message count is:347 for thread number2 in:8379microseconds
Received message count is:347 for thread number2 in:8379microseconds
Received message count is:347 for thread number2 in:8380microseconds
Received message count is:347 for thread number2 in:8380microseconds
Received message count is:347 for thread number2 in:8381microseconds
Received message count is:347 for thread number2 in:8382microseconds
Received message count is:347 for thread number2 in:8382microseconds
Received message count is:347 for thread number2 in:8383microseconds
Received message count is:347 for thread number2 in:8384microseconds
Received message count is:347 for thread number2 in:8384microseconds
Received message count is:347 for thread number2 in:8385microseconds
Received message count is:347 for thread number2 in:8385microseconds
Received message count is:347 for thread number2 in:8386microseconds
Received message count is:347 for thread number2 in:8387microseconds
Received message count is:347 for thread number2 in:8387microseconds
Received message count is:347 for thread number2 in:8388microseconds
Received message count is:347 for thread number2 in:8388microseconds
Received message count is:347 for thread number2 in:8389microseconds
Received message count is:347 for thread number2 in:8390microseconds
Received message count is:347 for thread number2 in:8390microseconds
Received message count is:347 for thread number2 in:8391microseconds
Received message count is:347 for thread number2 in:8391microseconds
Received message count is:347 for thread number2 in:8392microseconds
Received message count is:347 for thread number2 in:8393microseconds
Received message count is:347 for thread number2 in:8393microseconds
Received message count is:347 for thread number2 in:8394microseconds
Received message count is:347 for thread number2 in:8395microseconds
Received message count is:347 for thread number2 in:8396microseconds
Received message count is:347 for thread number2 in:8396microseconds
Received message count is:347 for thread number2 in:8397microseconds
Received message count is:347 for thread number2 in:8398microseconds
Received message count is:347 for thread number2 in:8398microseconds
Received message count is:347 for thread number2 in:8399microseconds
Received message count is:347 for thread number2 in:8399microseconds
Received message count is:347 for thread number2 in:8400microseconds
Received message count is:347 for thread number2 in:8401microseconds
Received message count is:347 for thread number2 in:8401microseconds
Received message count is:347 for thread number2 in:8402microseconds
Received message count is:347 for thread number2 in:8402microseconds
Received message count is:347 for thread number2 in:8403microseconds
Received message count is:347 for thread number2 in:8404microseconds
Received message count is:347 for thread number2 in:8405microseconds
Received message count is:347 for thread number2 in:8405microseconds
Received message count is:347 for thread number2 in:8406microseconds
Received message count is:347 for thread number2 in:8406microseconds
Received message count is:347 for thread number2 in:8407microseconds
Received message count is:347 for thread number2 in:8408microseconds
Received message count is:347 for thread number2 in:8409microseconds
Received message count is:347 for thread number2 in:8410microseconds
Received message count is:347 for thread number2 in:8411microseconds
Received message count is:347 for thread number2 in:8412microseconds
Received message count is:347 for thread number2 in:8414microseconds
Received message count is:347 for thread number2 in:8415microseconds
Received message count is:347 for thread number2 in:8416microseconds
Received message count is:347 for thread number2 in:8417microseconds
Received message count is:347 for thread number2 in:8418microseconds
Received message count is:347 for thread number2 in:8424microseconds
Received message count is:347 for thread number2 in:8424microseconds
Received message count is:347 for thread number2 in:8425microseconds
Received message count is:347 for thread number2 in:8426microseconds
Received message count is:347 for thread number2 in:8427microseconds
Received message count is:347 for thread number2 in:8428microseconds
Received message count is:347 for thread number2 in:8429microseconds
Received message count is:347 for thread number2 in:8430microseconds
Received message count is:347 for thread number2 in:8431microseconds
Received message count is:347 for thread number2 in:8433microseconds
Received message count is:347 for thread number2 in:8434microseconds
Received message count is:347 for thread number2 in:8435microseconds
Received message count is:347 for thread number2 in:8436microseconds
Received message count is:347 for thread number2 in:8437microseconds
Received message count is:347 for thread number2 in:8438microseconds
Received message count is:347 for thread number2 in:8439microseconds
Received message count is:347 for thread number2 in:8440microseconds
Received message count is:347 for thread number2 in:8441microseconds
Received message count is:347 for thread number2 in:8442microseconds
Received message count is:347 for thread number2 in:8444microseconds
Received message count is:347 for thread number2 in:8445microseconds
Received message count is:347 for thread number2 in:8446microseconds
Received message count is:347 for thread number2 in:8447microseconds
Received message count is:347 for thread number2 in:8448microseconds
Received message count is:347 for thread number2 in:8449microseconds
Received message count is:347 for thread number2 in:8450microseconds
Received message count is:347 for thread number2 in:8451microseconds
Received message count is:347 for thread number2 in:8452microseconds
Received message count is:347 for thread number2 in:8453microseconds
Received message count is:347 for thread number2 in:8455microseconds
Received message count is:347 for thread number2 in:8456microseconds
Received message count is:347 for thread number2 in:8458microseconds
Received message count is:347 for thread number2 in:8459microseconds
Received message count is:347 for thread number2 in:8460microseconds
Received message count is:347 for thread number2 in:8460microseconds
Received message count is:347 for thread number2 in:8461microseconds
Received message count is:347 for thread number2 in:8462microseconds
Received message count is:347 for thread number2 in:8462microseconds
Received message count is:347 for thread number2 in:8463microseconds
Received message count is:347 for thread number2 in:8464microseconds
Received message count is:347 for thread number2 in:8464microseconds
Received message count is:347 for thread number2 in:8465microseconds
Received message count is:347 for thread number2 in:8466microseconds
Received message count is:347 for thread number2 in:8467microseconds
Received message count is:347 for thread number2 in:8468microseconds
Received message count is:347 for thread number2 in:8468microseconds
Received message count is:347 for thread number2 in:8469microseconds
Received message count is:347 for thread number2 in:8469microseconds
Received message count is:347 for thread number2 in:8470microseconds
Received message count is:347 for thread number2 in:8471microseconds
Received message count is:347 for thread number2 in:8472microseconds
Received message count is:347 for thread number2 in:8473microseconds
Received message count is:347 for thread number2 in:8474microseconds
Received message count is:347 for thread number2 in:8475microseconds
Received message count is:347 for thread number2 in:8476microseconds
Received message count is:347 for thread number2 in:8477microseconds
Received message count is:347 for thread number2 in:8478microseconds
Received message count is:347 for thread number2 in:8479microseconds
Received message count is:347 for thread number2 in:8481microseconds
Received message count is:347 for thread number2 in:8485microseconds
Received message count is:347 for thread number2 in:8485microseconds
Received message count is:347 for thread number2 in:8486microseconds
Received message count is:347 for thread number2 in:8487microseconds
Received message count is:347 for thread number2 in:8488microseconds
Received message count is:347 for thread number2 in:8489microseconds
Received message count is:347 for thread number2 in:8489microseconds
Received message count is:347 for thread number2 in:8490microseconds
Received message count is:347 for thread number2 in:8491microseconds
Received message count is:347 for thread number2 in:8491microseconds
Received message count is:347 for thread number2 in:8492microseconds
Received message count is:347 for thread number2 in:8492microseconds
Received message count is:347 for thread number2 in:8493microseconds
Received message count is:347 for thread number2 in:8494microseconds
Received message count is:347 for thread number2 in:8494microseconds
Received message count is:347 for thread number2 in:8495microseconds
Received message count is:347 for thread number2 in:8496microseconds
Received message count is:347 for thread number2 in:8496microseconds
Received message count is:347 for thread number2 in:8497microseconds
Received message count is:347 for thread number2 in:8498microseconds
Received message count is:347 for thread number2 in:8498microseconds
Received message count is:347 for thread number2 in:8499microseconds
Received message count is:347 for thread number2 in:8499microseconds
Received message count is:347 for thread number2 in:8500microseconds
Received message count is:347 for thread number2 in:8501microseconds
Received message count is:347 for thread number2 in:8501microseconds
Received message count is:347 for thread number2 in:8502microseconds
Received message count is:347 for thread number2 in:8503microseconds
Received message count is:347 for thread number2 in:8505microseconds
Received message count is:347 for thread number2 in:8506microseconds
Received message count is:347 for thread number2 in:8507microseconds
Received message count is:347 for thread number2 in:8508microseconds
Received message count is:347 for thread number2 in:8509microseconds
Received message count is:347 for thread number2 in:8510microseconds
Received message count is:347 for thread number2 in:8510microseconds
Received message count is:347 for thread number2 in:8511microseconds
Received message count is:347 for thread number2 in:8511microseconds
Received message count is:347 for thread number2 in:8512microseconds
Received message count is:347 for thread number2 in:8513microseconds
Received message count is:347 for thread number2 in:8514microseconds
Received message count is:347 for thread number2 in:8515microseconds
Received message count is:347 for thread number2 in:8517microseconds
Received message count is:347 for thread number2 in:8518microseconds
Received message count is:347 for thread number2 in:8518microseconds
Received message count is:347 for thread number2 in:8519microseconds
Received message count is:347 for thread number2 in:8520microseconds
Received message count is:347 for thread number2 in:8521microseconds
Received message count is:347 for thread number2 in:8521microseconds
Received message count is:347 for thread number2 in:8522microseconds
Received message count is:347 for thread number2 in:8523microseconds
Received message count is:347 for thread number2 in:8524microseconds
Received message count is:347 for thread number2 in:8525microseconds
Received message count is:347 for thread number2 in:8526microseconds
Received message count is:347 for thread number2 in:8527microseconds
Received message count is:347 for thread number2 in:8528microseconds
Received message count is:347 for thread number2 in:8529microseconds
Received message count is:347 for thread number2 in:8529microseconds
Received message count is:347 for thread number2 in:8530microseconds
Received message count is:347 for thread number2 in:8530microseconds
Received message count is:347 for thread number2 in:8531microseconds
Received message count is:347 for thread number2 in:8535microseconds
Received message count is:347 for thread number2 in:8536microseconds
Received message count is:347 for thread number2 in:8538microseconds
Received message count is:347 for thread number2 in:8538microseconds
Received message count is:347 for thread number2 in:8539microseconds
Received message count is:347 for thread number2 in:8540microseconds
Received message count is:347 for thread number2 in:8541microseconds
Received message count is:347 for thread number2 in:8541microseconds
Received message count is:347 for thread number2 in:8542microseconds
Received message count is:347 for thread number2 in:8542microseconds
Received message count is:347 for thread number2 in:8544microseconds
Received message count is:347 for thread number2 in:8545microseconds
Received message count is:347 for thread number2 in:8546microseconds
Received message count is:347 for thread number2 in:8547microseconds
Received message count is:347 for thread number2 in:8548microseconds
Received message count is:347 for thread number2 in:8549microseconds
Received message count is:347 for thread number2 in:8549microseconds
Received message count is:347 for thread number2 in:8550microseconds
Received message count is:347 for thread number2 in:8551microseconds
Received message count is:347 for thread number2 in:8552microseconds
Received message count is:347 for thread number2 in:8552microseconds
Received message count is:347 for thread number2 in:8553microseconds
Received message count is:347 for thread number2 in:8554microseconds
Received message count is:347 for thread number2 in:8555microseconds
Received message count is:347 for thread number2 in:8556microseconds
Received message count is:347 for thread number2 in:8558microseconds
Received message count is:347 for thread number2 in:8558microseconds
Received message count is:347 for thread number2 in:8559microseconds
Received message count is:347 for thread number2 in:8560microseconds
Received message count is:347 for thread number2 in:8561microseconds
Received message count is:347 for thread number2 in:8561microseconds
Received message count is:347 for thread number2 in:8562microseconds
Received message count is:347 for thread number2 in:8563microseconds
Received message count is:347 for thread number2 in:8564microseconds
Received message count is:347 for thread number2 in:8565microseconds
Received message count is:347 for thread number2 in:8566microseconds
Received message count is:347 for thread number2 in:8567microseconds
Received message count is:347 for thread number2 in:8569microseconds
Received message count is:347 for thread number2 in:8569microseconds
Received message count is:347 for thread number2 in:8570microseconds
Received message count is:347 for thread number2 in:8570microseconds
Received message count is:347 for thread number2 in:8571microseconds
Received message count is:1929 for thread number2 in:9204microseconds
Sent 633760 messages.
[       OK ] NATSGTest.TestPublishSubscribe (1386 ms)
[----------] 1 test from NATSGTest (1386 ms total)

[----------] Global test environment tear-down
[==========] 1 test from 1 test suite ran. (1386 ms total)
[  PASSED  ] 1 test.
<end of output>
Test time =   1.39 sec
----------------------------------------------------------
Test Passed.
"NATSGTest.TestPublishSubscribe" end time: Sep 26 13:32 +03
"NATSGTest.TestPublishSubscribe" time elapsed: 00:00:01
----------------------------------------------------------

End testing: Sep 26 13:32 +03
